[0.710s] DEBUG:colcon:Command line arguments: ['/usr/bin/colcon', 'build', '--symlink-install']
[0.710s] DEBUG:colcon:Parsed command line arguments: Namespace(log_base=None, log_level=None, verb_name='build', build_base='build', install_base='install', merge_install=False, symlink_install=True, test_result_base=None, continue_on_error=False, executor='parallel', parallel_workers=32, event_handlers=None, ignore_user_meta=False, metas=['./colcon.meta'], base_paths=['.'], packages_ignore=None, packages_ignore_regex=None, paths=None, packages_up_to=None, packages_up_to_regex=None, packages_above=None, packages_above_and_dependencies=None, packages_above_depth=None, packages_select_by_dep=None, packages_skip_by_dep=None, packages_skip_up_to=None, packages_select_build_failed=False, packages_skip_build_finished=False, packages_select_test_failures=False, packages_skip_test_passed=False, packages_select=None, packages_skip=None, packages_select_regex=None, packages_skip_regex=None, packages_start=None, packages_end=None, cmake_args=None, cmake_target=None, cmake_target_skip_unavailable=False, cmake_clean_cache=False, cmake_clean_first=False, cmake_force_configure=False, ament_cmake_args=None, catkin_cmake_args=None, catkin_skip_building_tests=False, mixin_files=None, mixin=None, verb_parser=<colcon_mixin.mixin.mixin_argument.MixinArgumentDecorator object at 0x7fdf7ae71180>, verb_extension=<colcon_core.verb.build.BuildVerb object at 0x7fdf7b2eae90>, main=<bound method BuildVerb.main of <colcon_core.verb.build.BuildVerb object at 0x7fdf7b2eae90>>, mixin_verb=('build',))
[0.738s] Level 1:colcon.colcon_core.package_discovery:discover_packages(colcon_meta) check parameters
[0.738s] Level 1:colcon.colcon_core.package_discovery:discover_packages(recursive) check parameters
[0.738s] Level 1:colcon.colcon_core.package_discovery:discover_packages(ignore) check parameters
[0.738s] Level 1:colcon.colcon_core.package_discovery:discover_packages(path) check parameters
[0.738s] Level 1:colcon.colcon_core.package_discovery:discover_packages(colcon_meta) discover
[0.739s] Level 1:colcon.colcon_core.package_discovery:discover_packages(recursive) discover
[0.739s] INFO:colcon.colcon_core.package_discovery:Crawling recursively for packages in '/components/sllidar_ros2'
[0.739s] Level 1:colcon.colcon_core.package_identification:_identify(.) by extensions ['ignore', 'ignore_ament_install']
[0.739s] Level 1:colcon.colcon_core.package_identification:_identify(.) by extension 'ignore'
[0.739s] Level 1:colcon.colcon_core.package_identification:_identify(.) by extension 'ignore_ament_install'
[0.739s] Level 1:colcon.colcon_core.package_identification:_identify(.) by extensions ['colcon_pkg']
[0.739s] Level 1:colcon.colcon_core.package_identification:_identify(.) by extension 'colcon_pkg'
[0.739s] Level 1:colcon.colcon_core.package_identification:_identify(.) by extensions ['colcon_meta']
[0.739s] Level 1:colcon.colcon_core.package_identification:_identify(.) by extension 'colcon_meta'
[0.739s] Level 1:colcon.colcon_core.package_identification:_identify(.) by extensions ['ros']
[0.739s] Level 1:colcon.colcon_core.package_identification:_identify(.) by extension 'ros'
[0.747s] DEBUG:colcon.colcon_core.package_identification:Package '.' with type 'ros.ament_cmake' and name 'sllidar_ros2'
[0.747s] Level 1:colcon.colcon_core.package_discovery:discover_packages(recursive) using defaults
[0.747s] Level 1:colcon.colcon_core.package_discovery:discover_packages(ignore) discover
[0.747s] Level 1:colcon.colcon_core.package_discovery:discover_packages(ignore) using defaults
[0.747s] Level 1:colcon.colcon_core.package_discovery:discover_packages(path) discover
[0.747s] Level 1:colcon.colcon_core.package_discovery:discover_packages(path) using defaults
[0.793s] Level 5:colcon.colcon_core.verb:set package 'sllidar_ros2' build argument 'cmake_args' from command line to 'None'
[0.793s] Level 5:colcon.colcon_core.verb:set package 'sllidar_ros2' build argument 'cmake_target' from command line to 'None'
[0.793s] Level 5:colcon.colcon_core.verb:set package 'sllidar_ros2' build argument 'cmake_target_skip_unavailable' from command line to 'False'
[0.793s] Level 5:colcon.colcon_core.verb:set package 'sllidar_ros2' build argument 'cmake_clean_cache' from command line to 'False'
[0.793s] Level 5:colcon.colcon_core.verb:set package 'sllidar_ros2' build argument 'cmake_clean_first' from command line to 'False'
[0.793s] Level 5:colcon.colcon_core.verb:set package 'sllidar_ros2' build argument 'cmake_force_configure' from command line to 'False'
[0.793s] Level 5:colcon.colcon_core.verb:set package 'sllidar_ros2' build argument 'ament_cmake_args' from command line to 'None'
[0.793s] Level 5:colcon.colcon_core.verb:set package 'sllidar_ros2' build argument 'catkin_cmake_args' from command line to 'None'
[0.793s] Level 5:colcon.colcon_core.verb:set package 'sllidar_ros2' build argument 'catkin_skip_building_tests' from command line to 'False'
[0.793s] DEBUG:colcon.colcon_core.verb:Building package 'sllidar_ros2' with the following arguments: {'ament_cmake_args': None, 'build_base': '/components/sllidar_ros2/build/sllidar_ros2', 'catkin_cmake_args': None, 'catkin_skip_building_tests': False, 'cmake_args': None, 'cmake_clean_cache': False, 'cmake_clean_first': False, 'cmake_force_configure': False, 'cmake_target': None, 'cmake_target_skip_unavailable': False, 'install_base': '/components/sllidar_ros2/install/sllidar_ros2', 'merge_install': False, 'path': '/components/sllidar_ros2', 'symlink_install': True, 'test_result_base': None}
[0.801s] INFO:colcon.colcon_core.executor:Executing jobs using 'parallel' executor
[0.809s] DEBUG:colcon.colcon_parallel_executor.executor.parallel:run_until_complete
[0.810s] INFO:colcon.colcon_ros.task.ament_cmake.build:Building ROS package in '/components/sllidar_ros2' with build type 'ament_cmake'
[0.810s] INFO:colcon.colcon_cmake.task.cmake.build:Building CMake package in '/components/sllidar_ros2'
[0.819s] INFO:colcon.colcon_core.plugin_system:Skipping extension 'colcon_core.shell.bat': Not used on non-Windows systems
[0.819s] INFO:colcon.colcon_core.shell:Skip shell extension 'powershell' for command environment: Not usable outside of PowerShell
[0.820s] DEBUG:colcon.colcon_core.shell:Skip shell extension 'dsv' for command environment
[0.843s] DEBUG:colcon.colcon_core.event_handler.log_command:Invoking command in '/components/sllidar_ros2/build/sllidar_ros2': CMAKE_PREFIX_PATH=/opt/ros/humble /usr/bin/cmake --build /components/sllidar_ros2/build/sllidar_ros2 -- -j32 -l32
[6.477s] DEBUG:colcon.colcon_core.event_handler.log_command:Invoked command in '/components/sllidar_ros2/build/sllidar_ros2' returned '0': CMAKE_PREFIX_PATH=/opt/ros/humble /usr/bin/cmake --build /components/sllidar_ros2/build/sllidar_ros2 -- -j32 -l32
[6.532s] DEBUG:colcon.colcon_core.event_handler.log_command:Invoking command in '/components/sllidar_ros2/build/sllidar_ros2': CMAKE_PREFIX_PATH=/opt/ros/humble /usr/bin/cmake --install /components/sllidar_ros2/build/sllidar_ros2
[6.548s] Level 1:colcon.colcon_core.environment:create_environment_scripts_only(sllidar_ros2)
[6.549s] DEBUG:colcon.colcon_core.event_handler.log_command:Invoked command in '/components/sllidar_ros2/build/sllidar_ros2' returned '0': CMAKE_PREFIX_PATH=/opt/ros/humble /usr/bin/cmake --install /components/sllidar_ros2/build/sllidar_ros2
[6.558s] Level 1:colcon.colcon_core.environment:checking '/components/sllidar_ros2/install/sllidar_ros2' for CMake module files
[6.559s] Level 1:colcon.colcon_core.environment:checking '/components/sllidar_ros2/install/sllidar_ros2' for CMake config files
[6.559s] Level 1:colcon.colcon_core.shell:create_environment_hook('sllidar_ros2', 'cmake_prefix_path')
[6.567s] INFO:colcon.colcon_core.shell:Creating environment hook '/components/sllidar_ros2/install/sllidar_ros2/share/sllidar_ros2/hook/cmake_prefix_path.ps1'
[6.568s] INFO:colcon.colcon_core.shell:Creating environment descriptor '/components/sllidar_ros2/install/sllidar_ros2/share/sllidar_ros2/hook/cmake_prefix_path.dsv'
[6.568s] INFO:colcon.colcon_core.shell:Creating environment hook '/components/sllidar_ros2/install/sllidar_ros2/share/sllidar_ros2/hook/cmake_prefix_path.sh'
[6.569s] Level 1:colcon.colcon_core.environment:checking '/components/sllidar_ros2/install/sllidar_ros2/lib'
[6.569s] Level 1:colcon.colcon_core.environment:checking '/components/sllidar_ros2/install/sllidar_ros2/bin'
[6.569s] Level 1:colcon.colcon_core.environment:checking '/components/sllidar_ros2/install/sllidar_ros2/lib/pkgconfig/sllidar_ros2.pc'
[6.570s] Level 1:colcon.colcon_core.environment:checking '/components/sllidar_ros2/install/sllidar_ros2/lib/python3.10/site-packages'
[6.570s] Level 1:colcon.colcon_core.environment:checking '/components/sllidar_ros2/install/sllidar_ros2/bin'
[6.578s] INFO:colcon.colcon_core.shell:Creating package script '/components/sllidar_ros2/install/sllidar_ros2/share/sllidar_ros2/package.ps1'
[6.579s] INFO:colcon.colcon_core.shell:Creating package descriptor '/components/sllidar_ros2/install/sllidar_ros2/share/sllidar_ros2/package.dsv'
[6.579s] INFO:colcon.colcon_core.shell:Creating package script '/components/sllidar_ros2/install/sllidar_ros2/share/sllidar_ros2/package.sh'
[6.580s] INFO:colcon.colcon_core.shell:Creating package script '/components/sllidar_ros2/install/sllidar_ros2/share/sllidar_ros2/package.bash'
[6.580s] INFO:colcon.colcon_core.shell:Creating package script '/components/sllidar_ros2/install/sllidar_ros2/share/sllidar_ros2/package.zsh'
[6.580s] Level 1:colcon.colcon_core.environment:create_file_with_runtime_dependencies(/components/sllidar_ros2/install/sllidar_ros2/share/colcon-core/packages/sllidar_ros2)
[6.638s] Level 1:colcon.colcon_core.environment:create_environment_scripts_only(sllidar_ros2)
[6.648s] Level 1:colcon.colcon_core.environment:checking '/components/sllidar_ros2/install/sllidar_ros2' for CMake module files
[6.649s] Level 1:colcon.colcon_core.environment:checking '/components/sllidar_ros2/install/sllidar_ros2' for CMake config files
[6.649s] Level 1:colcon.colcon_core.shell:create_environment_hook('sllidar_ros2', 'cmake_prefix_path')
[6.657s] INFO:colcon.colcon_core.shell:Creating environment hook '/components/sllidar_ros2/install/sllidar_ros2/share/sllidar_ros2/hook/cmake_prefix_path.ps1'
[6.657s] INFO:colcon.colcon_core.shell:Creating environment descriptor '/components/sllidar_ros2/install/sllidar_ros2/share/sllidar_ros2/hook/cmake_prefix_path.dsv'
[6.657s] INFO:colcon.colcon_core.shell:Creating environment hook '/components/sllidar_ros2/install/sllidar_ros2/share/sllidar_ros2/hook/cmake_prefix_path.sh'
[6.658s] Level 1:colcon.colcon_core.environment:checking '/components/sllidar_ros2/install/sllidar_ros2/lib'
[6.658s] Level 1:colcon.colcon_core.environment:checking '/components/sllidar_ros2/install/sllidar_ros2/bin'
[6.658s] Level 1:colcon.colcon_core.environment:checking '/components/sllidar_ros2/install/sllidar_ros2/lib/pkgconfig/sllidar_ros2.pc'
[6.658s] Level 1:colcon.colcon_core.environment:checking '/components/sllidar_ros2/install/sllidar_ros2/lib/python3.10/site-packages'
[6.658s] Level 1:colcon.colcon_core.environment:checking '/components/sllidar_ros2/install/sllidar_ros2/bin'
[6.666s] INFO:colcon.colcon_core.shell:Creating package script '/components/sllidar_ros2/install/sllidar_ros2/share/sllidar_ros2/package.ps1'
[6.667s] INFO:colcon.colcon_core.shell:Creating package descriptor '/components/sllidar_ros2/install/sllidar_ros2/share/sllidar_ros2/package.dsv'
[6.667s] INFO:colcon.colcon_core.shell:Creating package script '/components/sllidar_ros2/install/sllidar_ros2/share/sllidar_ros2/package.sh'
[6.667s] INFO:colcon.colcon_core.shell:Creating package script '/components/sllidar_ros2/install/sllidar_ros2/share/sllidar_ros2/package.bash'
[6.668s] INFO:colcon.colcon_core.shell:Creating package script '/components/sllidar_ros2/install/sllidar_ros2/share/sllidar_ros2/package.zsh'
[6.668s] Level 1:colcon.colcon_core.environment:create_file_with_runtime_dependencies(/components/sllidar_ros2/install/sllidar_ros2/share/colcon-core/packages/sllidar_ros2)
[6.668s] DEBUG:colcon.colcon_parallel_executor.executor.parallel:closing loop
[6.668s] DEBUG:colcon.colcon_parallel_executor.executor.parallel:loop closed
[6.668s] DEBUG:colcon.colcon_parallel_executor.executor.parallel:run_until_complete finished with '0'
[6.668s] DEBUG:colcon.colcon_core.event_reactor:joining thread
[6.684s] INFO:colcon.colcon_core.plugin_system:Skipping extension 'colcon_notification.desktop_notification.notify_send': Could not find 'notify-send'
[6.685s] INFO:colcon.colcon_core.plugin_system:Skipping extension 'colcon_notification.desktop_notification.terminal_notifier': Not used on non-Darwin systems
[6.685s] INFO:colcon.colcon_core.plugin_system:Skipping extension 'colcon_notification.desktop_notification.win32': Not used on non-Windows systems
[6.685s] INFO:colcon.colcon_notification.desktop_notification:Sending desktop notification using 'notify2'
[6.687s] DEBUG:colcon.colcon_notification.desktop_notification.notify2:Failed to initialize notify2: org.freedesktop.DBus.Error.Spawn.ExecFailed: /usr/bin/dbus-launch terminated abnormally without any error message
[6.687s] DEBUG:colcon.colcon_core.event_reactor:joined thread
[6.697s] INFO:colcon.colcon_core.shell:Creating prefix script '/components/sllidar_ros2/install/local_setup.ps1'
[6.697s] INFO:colcon.colcon_core.shell:Creating prefix util module '/components/sllidar_ros2/install/_local_setup_util_ps1.py'
[6.698s] INFO:colcon.colcon_core.shell:Creating prefix chain script '/components/sllidar_ros2/install/setup.ps1'
[6.706s] INFO:colcon.colcon_core.shell:Creating prefix script '/components/sllidar_ros2/install/local_setup.sh'
[6.707s] INFO:colcon.colcon_core.shell:Creating prefix util module '/components/sllidar_ros2/install/_local_setup_util_sh.py'
[6.707s] INFO:colcon.colcon_core.shell:Creating prefix chain script '/components/sllidar_ros2/install/setup.sh'
[6.715s] INFO:colcon.colcon_core.shell:Creating prefix script '/components/sllidar_ros2/install/local_setup.bash'
[6.716s] INFO:colcon.colcon_core.shell:Creating prefix chain script '/components/sllidar_ros2/install/setup.bash'
[6.724s] INFO:colcon.colcon_core.shell:Creating prefix script '/components/sllidar_ros2/install/local_setup.zsh'
[6.724s] INFO:colcon.colcon_core.shell:Creating prefix chain script '/components/sllidar_ros2/install/setup.zsh'
