[0.033s] Invoking command in '/components/sllidar_ros2/build/sllidar_ros2': CMAKE_PREFIX_PATH=/opt/ros/humble /usr/bin/cmake --build /components/sllidar_ros2/build/sllidar_ros2 -- -j32 -l32
[0.056s] -- Found ament_cmake: 1.3.5 (/opt/ros/humble/share/ament_cmake/cmake)
[0.140s] -- Override CMake install command with custom implementation using symlinks instead of copying resources
[0.145s] -- Found rclcpp: 16.0.6 (/opt/ros/humble/share/rclcpp/cmake)
[0.165s] -- Found rosidl_generator_c: 3.1.5 (/opt/ros/humble/share/rosidl_generator_c/cmake)
[0.167s] -- Found rosidl_adapter: 3.1.5 (/opt/ros/humble/share/rosidl_adapter/cmake)
[0.171s] -- Found rosidl_generator_cpp: 3.1.5 (/opt/ros/humble/share/rosidl_generator_cpp/cmake)
[0.178s] -- Using all available rosidl_typesupport_c: rosidl_typesupport_fastrtps_c;rosidl_typesupport_introspection_c
[0.189s] -- Using all available rosidl_typesupport_cpp: rosidl_typesupport_fastrtps_cpp;rosidl_typesupport_introspection_cpp
[0.227s] -- Found rmw_implementation_cmake: 6.1.1 (/opt/ros/humble/share/rmw_implementation_cmake/cmake)
[0.228s] -- Found rmw_cyclonedds_cpp: 1.3.4 (/opt/ros/humble/share/rmw_cyclonedds_cpp/cmake)
[0.248s] -- Using RMW implementation 'rmw_cyclonedds_cpp' as default
[0.351s] -- Found sensor_msgs: 4.2.3 (/opt/ros/humble/share/sensor_msgs/cmake)
[0.433s] -- Found std_srvs: 4.2.3 (/opt/ros/humble/share/std_srvs/cmake)
[0.493s] -- Configuring done
[0.504s] -- Generating done
[0.505s] -- Build files have been written to: /components/sllidar_ros2/build/sllidar_ros2
[0.523s] [35m[1mConsolidate compiler generated dependencies of target sllidar_client[0m
[0.526s] [35m[1mConsolidate compiler generated dependencies of target sllidar_node[0m
[0.537s] [  5%] [32mBuilding CXX object CMakeFiles/sllidar_client.dir/src/sllidar_client.cpp.o[0m
[0.548s] [ 15%] [32mBuilding CXX object CMakeFiles/sllidar_node.dir/src/sllidar_node.cpp.o[0m
[0.548s] [ 15%] [32mBuilding CXX object CMakeFiles/sllidar_node.dir/sdk/src/arch/linux/net_serial.cpp.o[0m
[0.548s] [ 20%] [32mBuilding CXX object CMakeFiles/sllidar_node.dir/sdk/src/arch/linux/net_socket.cpp.o[0m
[0.548s] [ 25%] [32mBuilding CXX object CMakeFiles/sllidar_node.dir/sdk/src/arch/linux/timer.cpp.o[0m
[0.549s] [ 35%] [32mBuilding CXX object CMakeFiles/sllidar_node.dir/sdk/src/dataunpacker/unpacker/handler_capsules.cpp.o[0m
[0.549s] [ 35%] [32mBuilding CXX object CMakeFiles/sllidar_node.dir/sdk/src/dataunpacker/dataunpacker.cpp.o[0m
[0.549s] [ 40%] [32mBuilding CXX object CMakeFiles/sllidar_node.dir/sdk/src/dataunpacker/unpacker/handler_hqnode.cpp.o[0m
[0.549s] [ 45%] [32mBuilding CXX object CMakeFiles/sllidar_node.dir/sdk/src/dataunpacker/unpacker/handler_normalnode.cpp.o[0m
[0.550s] [ 55%] [32mBuilding CXX object CMakeFiles/sllidar_node.dir/sdk/src/rplidar_driver.cpp.o[0m
[0.550s] [ 55%] [32mBuilding CXX object CMakeFiles/sllidar_node.dir/sdk/src/hal/thread.cpp.o[0m
[0.550s] [ 60%] [32mBuilding CXX object CMakeFiles/sllidar_node.dir/sdk/src/sl_async_transceiver.cpp.o[0m
[0.551s] [ 65%] [32mBuilding CXX object CMakeFiles/sllidar_node.dir/sdk/src/sl_lidar_driver.cpp.o[0m
[0.551s] [ 70%] [32mBuilding CXX object CMakeFiles/sllidar_node.dir/sdk/src/sl_udp_channel.cpp.o[0m
[0.552s] [ 75%] [32mBuilding CXX object CMakeFiles/sllidar_node.dir/sdk/src/sl_crc.cpp.o[0m
[0.553s] [ 80%] [32mBuilding CXX object CMakeFiles/sllidar_node.dir/sdk/src/sl_serial_channel.cpp.o[0m
[0.553s] [ 85%] [32mBuilding CXX object CMakeFiles/sllidar_node.dir/sdk/src/sl_lidarprotocol_codec.cpp.o[0m
[0.553s] [ 90%] [32mBuilding CXX object CMakeFiles/sllidar_node.dir/sdk/src/sl_tcp_channel.cpp.o[0m
[3.631s] [ 95%] [32m[1mLinking CXX executable sllidar_node[0m
[3.790s] [ 95%] Built target sllidar_node
[5.539s] [100%] [32m[1mLinking CXX executable sllidar_client[0m
[5.748s] [100%] Built target sllidar_client
[5.757s] Invoked command in '/components/sllidar_ros2/build/sllidar_ros2' returned '0': CMAKE_PREFIX_PATH=/opt/ros/humble /usr/bin/cmake --build /components/sllidar_ros2/build/sllidar_ros2 -- -j32 -l32
[5.810s] Invoking command in '/components/sllidar_ros2/build/sllidar_ros2': CMAKE_PREFIX_PATH=/opt/ros/humble /usr/bin/cmake --install /components/sllidar_ros2/build/sllidar_ros2
[5.815s] -- Install configuration: ""
[5.815s] -- Execute custom install script
[5.816s] -- Up-to-date symlink: /components/sllidar_ros2/install/sllidar_ros2/share/sllidar_ros2/launch/sllidar_a1_launch.py
[5.816s] -- Up-to-date symlink: /components/sllidar_ros2/install/sllidar_ros2/share/sllidar_ros2/launch/sllidar_a2m12_launch .py
[5.816s] -- Up-to-date symlink: /components/sllidar_ros2/install/sllidar_ros2/share/sllidar_ros2/launch/sllidar_a2m7_launch.py
[5.816s] -- Up-to-date symlink: /components/sllidar_ros2/install/sllidar_ros2/share/sllidar_ros2/launch/sllidar_a2m8_launch.py
[5.816s] -- Up-to-date symlink: /components/sllidar_ros2/install/sllidar_ros2/share/sllidar_ros2/launch/sllidar_a3_launch.py
[5.816s] -- Up-to-date symlink: /components/sllidar_ros2/install/sllidar_ros2/share/sllidar_ros2/launch/sllidar_c1_launch.py
[5.816s] -- Up-to-date symlink: /components/sllidar_ros2/install/sllidar_ros2/share/sllidar_ros2/launch/sllidar_s1_launch.py
[5.816s] -- Up-to-date symlink: /components/sllidar_ros2/install/sllidar_ros2/share/sllidar_ros2/launch/sllidar_s1_tcp_launch.py
[5.816s] -- Up-to-date symlink: /components/sllidar_ros2/install/sllidar_ros2/share/sllidar_ros2/launch/sllidar_s2_launch.py
[5.816s] -- Up-to-date symlink: /components/sllidar_ros2/install/sllidar_ros2/share/sllidar_ros2/launch/sllidar_s2e_launch.py
[5.816s] -- Up-to-date symlink: /components/sllidar_ros2/install/sllidar_ros2/share/sllidar_ros2/launch/sllidar_s3_launch.py
[5.816s] -- Up-to-date symlink: /components/sllidar_ros2/install/sllidar_ros2/share/sllidar_ros2/launch/sllidar_t1_launch.py
[5.816s] -- Up-to-date symlink: /components/sllidar_ros2/install/sllidar_ros2/share/sllidar_ros2/launch/view_sllidar_a1_launch.py
[5.817s] -- Up-to-date symlink: /components/sllidar_ros2/install/sllidar_ros2/share/sllidar_ros2/launch/view_sllidar_a2m12_launch.py
[5.817s] -- Up-to-date symlink: /components/sllidar_ros2/install/sllidar_ros2/share/sllidar_ros2/launch/view_sllidar_a2m7_launch.py
[5.817s] -- Up-to-date symlink: /components/sllidar_ros2/install/sllidar_ros2/share/sllidar_ros2/launch/view_sllidar_a2m8_launch.py
[5.817s] -- Up-to-date symlink: /components/sllidar_ros2/install/sllidar_ros2/share/sllidar_ros2/launch/view_sllidar_a3_launch.py
[5.817s] -- Up-to-date symlink: /components/sllidar_ros2/install/sllidar_ros2/share/sllidar_ros2/launch/view_sllidar_c1_launch.py
[5.817s] -- Up-to-date symlink: /components/sllidar_ros2/install/sllidar_ros2/share/sllidar_ros2/launch/view_sllidar_s1_launch.py
[5.817s] -- Up-to-date symlink: /components/sllidar_ros2/install/sllidar_ros2/share/sllidar_ros2/launch/view_sllidar_s1_tcp_launch.py
[5.817s] -- Up-to-date symlink: /components/sllidar_ros2/install/sllidar_ros2/share/sllidar_ros2/launch/view_sllidar_s2_launch.py
[5.817s] -- Up-to-date symlink: /components/sllidar_ros2/install/sllidar_ros2/share/sllidar_ros2/launch/view_sllidar_s2e_launch.py
[5.817s] -- Up-to-date symlink: /components/sllidar_ros2/install/sllidar_ros2/share/sllidar_ros2/launch/view_sllidar_s3_launch.py
[5.817s] -- Up-to-date symlink: /components/sllidar_ros2/install/sllidar_ros2/share/sllidar_ros2/launch/view_sllidar_t1_launch.py
[5.817s] -- Up-to-date symlink: /components/sllidar_ros2/install/sllidar_ros2/share/sllidar_ros2/rviz/sllidar_ros2.rviz
[5.817s] -- Up-to-date symlink: /components/sllidar_ros2/install/sllidar_ros2/lib/sllidar_ros2/sllidar_node
[5.817s] -- Up-to-date symlink: /components/sllidar_ros2/install/sllidar_ros2/lib/sllidar_ros2/sllidar_client
[5.818s] -- Up-to-date symlink: /components/sllidar_ros2/install/sllidar_ros2/share/ament_index/resource_index/package_run_dependencies/sllidar_ros2
[5.818s] -- Up-to-date symlink: /components/sllidar_ros2/install/sllidar_ros2/share/ament_index/resource_index/parent_prefix_path/sllidar_ros2
[5.818s] -- Up-to-date symlink: /components/sllidar_ros2/install/sllidar_ros2/share/sllidar_ros2/environment/ament_prefix_path.sh
[5.818s] -- Up-to-date symlink: /components/sllidar_ros2/install/sllidar_ros2/share/sllidar_ros2/environment/ament_prefix_path.dsv
[5.818s] -- Up-to-date symlink: /components/sllidar_ros2/install/sllidar_ros2/share/sllidar_ros2/environment/path.sh
[5.818s] -- Up-to-date symlink: /components/sllidar_ros2/install/sllidar_ros2/share/sllidar_ros2/environment/path.dsv
[5.818s] -- Up-to-date symlink: /components/sllidar_ros2/install/sllidar_ros2/share/sllidar_ros2/local_setup.bash
[5.818s] -- Up-to-date symlink: /components/sllidar_ros2/install/sllidar_ros2/share/sllidar_ros2/local_setup.sh
[5.818s] -- Up-to-date symlink: /components/sllidar_ros2/install/sllidar_ros2/share/sllidar_ros2/local_setup.zsh
[5.818s] -- Up-to-date symlink: /components/sllidar_ros2/install/sllidar_ros2/share/sllidar_ros2/local_setup.dsv
[5.819s] -- Symlinking: /components/sllidar_ros2/install/sllidar_ros2/share/sllidar_ros2/package.dsv
[5.826s] -- Up-to-date symlink: /components/sllidar_ros2/install/sllidar_ros2/share/ament_index/resource_index/packages/sllidar_ros2
[5.826s] -- Up-to-date symlink: /components/sllidar_ros2/install/sllidar_ros2/share/sllidar_ros2/cmake/ament_cmake_export_dependencies-extras.cmake
[5.826s] -- Up-to-date symlink: /components/sllidar_ros2/install/sllidar_ros2/share/sllidar_ros2/cmake/ament_cmake_export_include_directories-extras.cmake
[5.826s] -- Up-to-date symlink: /components/sllidar_ros2/install/sllidar_ros2/share/sllidar_ros2/cmake/sllidar_ros2Config.cmake
[5.826s] -- Up-to-date symlink: /components/sllidar_ros2/install/sllidar_ros2/share/sllidar_ros2/cmake/sllidar_ros2Config-version.cmake
[5.826s] -- Up-to-date symlink: /components/sllidar_ros2/install/sllidar_ros2/share/sllidar_ros2/package.xml
[5.828s] Invoked command in '/components/sllidar_ros2/build/sllidar_ros2' returned '0': CMAKE_PREFIX_PATH=/opt/ros/humble /usr/bin/cmake --install /components/sllidar_ros2/build/sllidar_ros2
