[0.033s] Invoking command in '/components/sllidar_ros2/build/sllidar_ros2': CMAKE_PREFIX_PATH=/opt/ros/humble /usr/bin/cmake --build /components/sllidar_ros2/build/sllidar_ros2 -- -j32 -l32
[0.054s] -- Found ament_cmake: 1.3.5 (/opt/ros/humble/share/ament_cmake/cmake)
[0.138s] -- Override CMake install command with custom implementation using symlinks instead of copying resources
[0.149s] -- Found rclcpp: 16.0.6 (/opt/ros/humble/share/rclcpp/cmake)
[0.177s] -- Found rosidl_generator_c: 3.1.5 (/opt/ros/humble/share/rosidl_generator_c/cmake)
[0.178s] -- Found rosidl_adapter: 3.1.5 (/opt/ros/humble/share/rosidl_adapter/cmake)
[0.182s] -- Found rosidl_generator_cpp: 3.1.5 (/opt/ros/humble/share/rosidl_generator_cpp/cmake)
[0.190s] -- Using all available rosidl_typesupport_c: rosidl_typesupport_fastrtps_c;rosidl_typesupport_introspection_c
[0.200s] -- Using all available rosidl_typesupport_cpp: rosidl_typesupport_fastrtps_cpp;rosidl_typesupport_introspection_cpp
[0.239s] -- Found rmw_implementation_cmake: 6.1.1 (/opt/ros/humble/share/rmw_implementation_cmake/cmake)
[0.240s] -- Found rmw_cyclonedds_cpp: 1.3.4 (/opt/ros/humble/share/rmw_cyclonedds_cpp/cmake)
[0.260s] -- Using RMW implementation 'rmw_cyclonedds_cpp' as default
[0.362s] -- Found sensor_msgs: 4.2.3 (/opt/ros/humble/share/sensor_msgs/cmake)
[0.444s] -- Found std_srvs: 4.2.3 (/opt/ros/humble/share/std_srvs/cmake)
[0.505s] -- Configuring done
[0.516s] -- Generating done
[0.517s] -- Build files have been written to: /components/sllidar_ros2/build/sllidar_ros2
[0.534s] [35m[1mConsolidate compiler generated dependencies of target sllidar_client[0m
[0.537s] [35m[1mConsolidate compiler generated dependencies of target sllidar_node[0m
[0.548s] [  5%] [32mBuilding CXX object CMakeFiles/sllidar_client.dir/src/sllidar_client.cpp.o[0m
[0.559s] [ 15%] [32mBuilding CXX object CMakeFiles/sllidar_node.dir/src/sllidar_node.cpp.o[0m
[0.559s] [ 15%] [32mBuilding CXX object CMakeFiles/sllidar_node.dir/sdk/src/arch/linux/net_serial.cpp.o[0m
[0.560s] [ 20%] [32mBuilding CXX object CMakeFiles/sllidar_node.dir/sdk/src/arch/linux/timer.cpp.o[0m
[0.560s] [ 30%] [32mBuilding CXX object CMakeFiles/sllidar_node.dir/sdk/src/arch/linux/net_socket.cpp.o[0m
[0.560s] [ 30%] [32mBuilding CXX object CMakeFiles/sllidar_node.dir/sdk/src/dataunpacker/dataunpacker.cpp.o[0m
[0.561s] [ 45%] [32mBuilding CXX object CMakeFiles/sllidar_node.dir/sdk/src/dataunpacker/unpacker/handler_capsules.cpp.o[0m
[0.561s] [ 45%] [32mBuilding CXX object CMakeFiles/sllidar_node.dir/sdk/src/dataunpacker/unpacker/handler_normalnode.cpp.o[0m
[0.561s] [ 45%] [32mBuilding CXX object CMakeFiles/sllidar_node.dir/sdk/src/dataunpacker/unpacker/handler_hqnode.cpp.o[0m
[0.561s] [ 50%] [32mBuilding CXX object CMakeFiles/sllidar_node.dir/sdk/src/rplidar_driver.cpp.o[0m
[0.562s] [ 55%] [32mBuilding CXX object CMakeFiles/sllidar_node.dir/sdk/src/sl_async_transceiver.cpp.o[0m
[0.562s] [ 60%] [32mBuilding CXX object CMakeFiles/sllidar_node.dir/sdk/src/sl_lidar_driver.cpp.o[0m
[0.562s] [ 65%] [32mBuilding CXX object CMakeFiles/sllidar_node.dir/sdk/src/hal/thread.cpp.o[0m
[0.563s] [ 70%] [32mBuilding CXX object CMakeFiles/sllidar_node.dir/sdk/src/sl_serial_channel.cpp.o[0m
[0.563s] [ 80%] [32mBuilding CXX object CMakeFiles/sllidar_node.dir/sdk/src/sl_udp_channel.cpp.o[0m
[0.563s] [ 80%] [32mBuilding CXX object CMakeFiles/sllidar_node.dir/sdk/src/sl_crc.cpp.o[0m
[0.564s] [ 85%] [32mBuilding CXX object CMakeFiles/sllidar_node.dir/sdk/src/sl_lidarprotocol_codec.cpp.o[0m
[0.564s] [ 90%] [32mBuilding CXX object CMakeFiles/sllidar_node.dir/sdk/src/sl_tcp_channel.cpp.o[0m
[0.897s] In file included from [01m[K/components/sllidar_ros2/./sdk/src/arch/linux/arch_linux.h:42[m[K,
[0.897s]                  from [01m[K/components/sllidar_ros2/./sdk/src/sdkcommon.h:41[m[K,
[0.898s]                  from [01m[K/components/sllidar_ros2/sdk/src/arch/linux/net_socket.cpp:10[m[K:
[0.898s] [01m[K/components/sllidar_ros2/sdk/src/arch/linux/net_socket.cpp:[m[K In member function ‘[01m[Kvirtual u_result rp::arch::net::DGramSocketImpl::sendTo(const rp::net::SocketAddress*, const void*, size_t)[m[K’:
[0.898s] [01m[K/components/sllidar_ros2/sdk/src/arch/linux/net_socket.cpp:733:24:[m[K [01;35m[Kwarning: [m[Kcomparison of integer expressions of different signedness: ‘[01m[Kint[m[K’ and ‘[01m[Ksize_t[m[K’ {aka ‘[01m[Klong unsigned int[m[K’} [[01;35m[K-Wsign-compare[m[K]
[0.898s]   733 |             assert([01;35m[Kans == len[m[K);
[0.898s]       |                    [01;35m[K~~~~^~~~~~[m[K
[3.683s] [ 95%] [32m[1mLinking CXX executable sllidar_node[0m
[3.843s] [ 95%] Built target sllidar_node
[5.451s] [100%] [32m[1mLinking CXX executable sllidar_client[0m
[5.659s] [100%] Built target sllidar_client
[5.667s] Invoked command in '/components/sllidar_ros2/build/sllidar_ros2' returned '0': CMAKE_PREFIX_PATH=/opt/ros/humble /usr/bin/cmake --build /components/sllidar_ros2/build/sllidar_ros2 -- -j32 -l32
[5.722s] Invoking command in '/components/sllidar_ros2/build/sllidar_ros2': CMAKE_PREFIX_PATH=/opt/ros/humble /usr/bin/cmake --install /components/sllidar_ros2/build/sllidar_ros2
[5.727s] -- Install configuration: ""
[5.727s] -- Execute custom install script
[5.728s] -- Up-to-date symlink: /components/sllidar_ros2/install/sllidar_ros2/share/sllidar_ros2/launch/sllidar_a1_launch.py
[5.728s] -- Up-to-date symlink: /components/sllidar_ros2/install/sllidar_ros2/share/sllidar_ros2/launch/sllidar_a2m12_launch .py
[5.728s] -- Up-to-date symlink: /components/sllidar_ros2/install/sllidar_ros2/share/sllidar_ros2/launch/sllidar_a2m7_launch.py
[5.728s] -- Up-to-date symlink: /components/sllidar_ros2/install/sllidar_ros2/share/sllidar_ros2/launch/sllidar_a2m8_launch.py
[5.728s] -- Up-to-date symlink: /components/sllidar_ros2/install/sllidar_ros2/share/sllidar_ros2/launch/sllidar_a3_launch.py
[5.728s] -- Up-to-date symlink: /components/sllidar_ros2/install/sllidar_ros2/share/sllidar_ros2/launch/sllidar_c1_launch.py
[5.728s] -- Up-to-date symlink: /components/sllidar_ros2/install/sllidar_ros2/share/sllidar_ros2/launch/sllidar_s1_launch.py
[5.728s] -- Up-to-date symlink: /components/sllidar_ros2/install/sllidar_ros2/share/sllidar_ros2/launch/sllidar_s1_tcp_launch.py
[5.728s] -- Up-to-date symlink: /components/sllidar_ros2/install/sllidar_ros2/share/sllidar_ros2/launch/sllidar_s2_launch.py
[5.728s] -- Up-to-date symlink: /components/sllidar_ros2/install/sllidar_ros2/share/sllidar_ros2/launch/sllidar_s2e_launch.py
[5.728s] -- Up-to-date symlink: /components/sllidar_ros2/install/sllidar_ros2/share/sllidar_ros2/launch/sllidar_s3_launch.py
[5.729s] -- Up-to-date symlink: /components/sllidar_ros2/install/sllidar_ros2/share/sllidar_ros2/launch/sllidar_t1_launch.py
[5.729s] -- Up-to-date symlink: /components/sllidar_ros2/install/sllidar_ros2/share/sllidar_ros2/launch/view_sllidar_a1_launch.py
[5.729s] -- Up-to-date symlink: /components/sllidar_ros2/install/sllidar_ros2/share/sllidar_ros2/launch/view_sllidar_a2m12_launch.py
[5.729s] -- Up-to-date symlink: /components/sllidar_ros2/install/sllidar_ros2/share/sllidar_ros2/launch/view_sllidar_a2m7_launch.py
[5.729s] -- Up-to-date symlink: /components/sllidar_ros2/install/sllidar_ros2/share/sllidar_ros2/launch/view_sllidar_a2m8_launch.py
[5.729s] -- Up-to-date symlink: /components/sllidar_ros2/install/sllidar_ros2/share/sllidar_ros2/launch/view_sllidar_a3_launch.py
[5.729s] -- Up-to-date symlink: /components/sllidar_ros2/install/sllidar_ros2/share/sllidar_ros2/launch/view_sllidar_c1_launch.py
[5.729s] -- Up-to-date symlink: /components/sllidar_ros2/install/sllidar_ros2/share/sllidar_ros2/launch/view_sllidar_s1_launch.py
[5.729s] -- Up-to-date symlink: /components/sllidar_ros2/install/sllidar_ros2/share/sllidar_ros2/launch/view_sllidar_s1_tcp_launch.py
[5.729s] -- Up-to-date symlink: /components/sllidar_ros2/install/sllidar_ros2/share/sllidar_ros2/launch/view_sllidar_s2_launch.py
[5.729s] -- Up-to-date symlink: /components/sllidar_ros2/install/sllidar_ros2/share/sllidar_ros2/launch/view_sllidar_s2e_launch.py
[5.729s] -- Up-to-date symlink: /components/sllidar_ros2/install/sllidar_ros2/share/sllidar_ros2/launch/view_sllidar_s3_launch.py
[5.729s] -- Up-to-date symlink: /components/sllidar_ros2/install/sllidar_ros2/share/sllidar_ros2/launch/view_sllidar_t1_launch.py
[5.729s] -- Up-to-date symlink: /components/sllidar_ros2/install/sllidar_ros2/share/sllidar_ros2/rviz/sllidar_ros2.rviz
[5.729s] -- Up-to-date symlink: /components/sllidar_ros2/install/sllidar_ros2/lib/sllidar_ros2/sllidar_node
[5.730s] -- Up-to-date symlink: /components/sllidar_ros2/install/sllidar_ros2/lib/sllidar_ros2/sllidar_client
[5.730s] -- Up-to-date symlink: /components/sllidar_ros2/install/sllidar_ros2/share/ament_index/resource_index/package_run_dependencies/sllidar_ros2
[5.730s] -- Up-to-date symlink: /components/sllidar_ros2/install/sllidar_ros2/share/ament_index/resource_index/parent_prefix_path/sllidar_ros2
[5.730s] -- Up-to-date symlink: /components/sllidar_ros2/install/sllidar_ros2/share/sllidar_ros2/environment/ament_prefix_path.sh
[5.730s] -- Up-to-date symlink: /components/sllidar_ros2/install/sllidar_ros2/share/sllidar_ros2/environment/ament_prefix_path.dsv
[5.730s] -- Up-to-date symlink: /components/sllidar_ros2/install/sllidar_ros2/share/sllidar_ros2/environment/path.sh
[5.730s] -- Up-to-date symlink: /components/sllidar_ros2/install/sllidar_ros2/share/sllidar_ros2/environment/path.dsv
[5.730s] -- Up-to-date symlink: /components/sllidar_ros2/install/sllidar_ros2/share/sllidar_ros2/local_setup.bash
[5.730s] -- Up-to-date symlink: /components/sllidar_ros2/install/sllidar_ros2/share/sllidar_ros2/local_setup.sh
[5.730s] -- Up-to-date symlink: /components/sllidar_ros2/install/sllidar_ros2/share/sllidar_ros2/local_setup.zsh
[5.731s] -- Up-to-date symlink: /components/sllidar_ros2/install/sllidar_ros2/share/sllidar_ros2/local_setup.dsv
[5.731s] -- Symlinking: /components/sllidar_ros2/install/sllidar_ros2/share/sllidar_ros2/package.dsv
[5.737s] -- Up-to-date symlink: /components/sllidar_ros2/install/sllidar_ros2/share/ament_index/resource_index/packages/sllidar_ros2
[5.737s] -- Up-to-date symlink: /components/sllidar_ros2/install/sllidar_ros2/share/sllidar_ros2/cmake/ament_cmake_export_dependencies-extras.cmake
[5.737s] -- Up-to-date symlink: /components/sllidar_ros2/install/sllidar_ros2/share/sllidar_ros2/cmake/ament_cmake_export_include_directories-extras.cmake
[5.737s] -- Up-to-date symlink: /components/sllidar_ros2/install/sllidar_ros2/share/sllidar_ros2/cmake/sllidar_ros2Config.cmake
[5.737s] -- Up-to-date symlink: /components/sllidar_ros2/install/sllidar_ros2/share/sllidar_ros2/cmake/sllidar_ros2Config-version.cmake
[5.737s] -- Up-to-date symlink: /components/sllidar_ros2/install/sllidar_ros2/share/sllidar_ros2/package.xml
[5.739s] Invoked command in '/components/sllidar_ros2/build/sllidar_ros2' returned '0': CMAKE_PREFIX_PATH=/opt/ros/humble /usr/bin/cmake --install /components/sllidar_ros2/build/sllidar_ros2
