[0.032s] Invoking command in '/components/sllidar_ros2/build/sllidar_ros2': CMAKE_PREFIX_PATH=/opt/ros/humble /usr/bin/cmake /components/sllidar_ros2 -DAMENT_CMAKE_SYMLINK_INSTALL=1 -DCMAKE_INSTALL_PREFIX=/components/sllidar_ros2/install/sllidar_ros2
[0.078s] -- The C compiler identification is GNU 11.4.0
[0.115s] -- The CXX compiler identification is GNU 11.4.0
[0.121s] -- Detecting C compiler ABI info
[0.169s] -- Detecting C compiler ABI info - done
[0.174s] -- Check for working C compiler: /usr/bin/cc - skipped
[0.174s] -- Detecting C compile features
[0.174s] -- Detecting C compile features - done
[0.176s] -- Detecting CXX compiler ABI info
[0.234s] -- Detecting CXX compiler ABI info - done
[0.239s] -- Check for working CXX compiler: /usr/bin/c++ - skipped
[0.239s] -- Detecting CXX compile features
[0.240s] -- Detecting CXX compile features - done
[0.242s] -- Found ament_cmake: 1.3.5 (/opt/ros/humble/share/ament_cmake/cmake)
[0.350s] -- Found Python3: /usr/bin/python3.10 (found version "3.10.12") found components: Interpreter 
[0.388s] -- Override CMake install command with custom implementation using symlinks instead of copying resources
[0.411s] -- Found rclcpp: 16.0.6 (/opt/ros/humble/share/rclcpp/cmake)
[0.442s] -- Found rosidl_generator_c: 3.1.5 (/opt/ros/humble/share/rosidl_generator_c/cmake)
[0.446s] -- Found rosidl_adapter: 3.1.5 (/opt/ros/humble/share/rosidl_adapter/cmake)
[0.453s] -- Found rosidl_generator_cpp: 3.1.5 (/opt/ros/humble/share/rosidl_generator_cpp/cmake)
[0.463s] -- Using all available rosidl_typesupport_c: rosidl_typesupport_fastrtps_c;rosidl_typesupport_introspection_c
[0.477s] -- Using all available rosidl_typesupport_cpp: rosidl_typesupport_fastrtps_cpp;rosidl_typesupport_introspection_cpp
[0.527s] -- Found rmw_implementation_cmake: 6.1.1 (/opt/ros/humble/share/rmw_implementation_cmake/cmake)
[0.529s] -- Found rmw_cyclonedds_cpp: 1.3.4 (/opt/ros/humble/share/rmw_cyclonedds_cpp/cmake)
[0.552s] -- Using RMW implementation 'rmw_cyclonedds_cpp' as default
[0.560s] -- Looking for pthread.h
[0.610s] -- Looking for pthread.h - found
[0.610s] -- Performing Test CMAKE_HAVE_LIBC_PTHREAD
[0.662s] -- Performing Test CMAKE_HAVE_LIBC_PTHREAD - Success
[0.663s] -- Found Threads: TRUE  
[0.772s] -- Found sensor_msgs: 4.2.3 (/opt/ros/humble/share/sensor_msgs/cmake)
[0.858s] -- Found std_srvs: 4.2.3 (/opt/ros/humble/share/std_srvs/cmake)
[0.913s] -- Configuring done
[0.924s] -- Generating done
[0.925s] -- Build files have been written to: /components/sllidar_ros2/build/sllidar_ros2
[0.931s] Invoked command in '/components/sllidar_ros2/build/sllidar_ros2' returned '0': CMAKE_PREFIX_PATH=/opt/ros/humble /usr/bin/cmake /components/sllidar_ros2 -DAMENT_CMAKE_SYMLINK_INSTALL=1 -DCMAKE_INSTALL_PREFIX=/components/sllidar_ros2/install/sllidar_ros2
[0.932s] Invoking command in '/components/sllidar_ros2/build/sllidar_ros2': CMAKE_PREFIX_PATH=/opt/ros/humble /usr/bin/cmake --build /components/sllidar_ros2/build/sllidar_ros2 -- -j32 -l32
[0.970s] [  5%] [32mBuilding CXX object CMakeFiles/sllidar_client.dir/src/sllidar_client.cpp.o[0m
[0.970s] [ 10%] [32mBuilding CXX object CMakeFiles/sllidar_node.dir/sdk/src/arch/linux/net_serial.cpp.o[0m
[0.970s] [ 15%] [32mBuilding CXX object CMakeFiles/sllidar_node.dir/src/sllidar_node.cpp.o[0m
[0.970s] [ 20%] [32mBuilding CXX object CMakeFiles/sllidar_node.dir/sdk/src/arch/linux/net_socket.cpp.o[0m
[0.970s] [ 25%] [32mBuilding CXX object CMakeFiles/sllidar_node.dir/sdk/src/dataunpacker/dataunpacker.cpp.o[0m
[0.971s] [ 30%] [32mBuilding CXX object CMakeFiles/sllidar_node.dir/sdk/src/arch/linux/timer.cpp.o[0m
[0.971s] [ 35%] [32mBuilding CXX object CMakeFiles/sllidar_node.dir/sdk/src/dataunpacker/unpacker/handler_capsules.cpp.o[0m
[0.971s] [ 40%] [32mBuilding CXX object CMakeFiles/sllidar_node.dir/sdk/src/hal/thread.cpp.o[0m
[0.971s] [ 45%] [32mBuilding CXX object CMakeFiles/sllidar_node.dir/sdk/src/dataunpacker/unpacker/handler_hqnode.cpp.o[0m
[0.971s] [ 50%] [32mBuilding CXX object CMakeFiles/sllidar_node.dir/sdk/src/dataunpacker/unpacker/handler_normalnode.cpp.o[0m
[0.971s] [ 55%] [32mBuilding CXX object CMakeFiles/sllidar_node.dir/sdk/src/sl_async_transceiver.cpp.o[0m
[0.971s] [ 60%] [32mBuilding CXX object CMakeFiles/sllidar_node.dir/sdk/src/rplidar_driver.cpp.o[0m
[0.972s] [ 65%] [32mBuilding CXX object CMakeFiles/sllidar_node.dir/sdk/src/sl_tcp_channel.cpp.o[0m
[0.973s] [ 75%] [32mBuilding CXX object CMakeFiles/sllidar_node.dir/sdk/src/sl_crc.cpp.o[0m
[0.973s] [ 75%] [32mBuilding CXX object CMakeFiles/sllidar_node.dir/sdk/src/sl_udp_channel.cpp.o[0m
[0.973s] [ 80%] [32mBuilding CXX object CMakeFiles/sllidar_node.dir/sdk/src/sl_lidar_driver.cpp.o[0m
[0.973s] [ 85%] [32mBuilding CXX object CMakeFiles/sllidar_node.dir/sdk/src/sl_lidarprotocol_codec.cpp.o[0m
[0.974s] [ 90%] [32mBuilding CXX object CMakeFiles/sllidar_node.dir/sdk/src/sl_serial_channel.cpp.o[0m
[0.998s] In file included from [01m[K/components/sllidar_ros2/./sdk/include/sl_lidar_cmd.h:41[m[K,
[0.999s]                  from [01m[K/components/sllidar_ros2/./sdk/include/sl_crc.h:36[m[K,
[0.999s]                  from [01m[K/components/sllidar_ros2/sdk/src/sl_crc.cpp:33[m[K:
[0.999s] [01m[K/components/sllidar_ros2/./sdk/include/sl_lidar_protocol.h:66:16:[m[K [01;35m[Kwarning: [m[KISO C++ forbids zero-size array ‘[01m[Kdata[m[K’ [[01;35m[K-Wpedantic[m[K]
[0.999s]    66 |     sl_u8 data[[01;35m[K0[m[K];
[0.999s]       |                [01;35m[K^[m[K
[0.999s] In file included from [01m[K/components/sllidar_ros2/./sdk/include/sl_crc.h:36[m[K,
[0.999s]                  from [01m[K/components/sllidar_ros2/sdk/src/sl_crc.cpp:33[m[K:
[0.999s] [01m[K/components/sllidar_ros2/./sdk/include/sl_lidar_cmd.h:324:20:[m[K [01;35m[Kwarning: [m[KISO C++ forbids zero-size array ‘[01m[Kpayload[m[K’ [[01;35m[K-Wpedantic[m[K]
[0.999s]   324 |     sl_u8  payload[[01;35m[K0[m[K];
[0.999s]       |                    [01;35m[K^[m[K
[1.164s] In file included from [01m[K/components/sllidar_ros2/./sdk/include/sl_lidar_cmd.h:41[m[K,
[1.164s]                  from [01m[K/components/sllidar_ros2/./sdk/include/sl_lidar_driver.h:54[m[K,
[1.164s]                  from [01m[K/components/sllidar_ros2/sdk/src/sl_tcp_channel.cpp:33[m[K:
[1.164s] [01m[K/components/sllidar_ros2/./sdk/include/sl_lidar_protocol.h:66:16:[m[K [01;35m[Kwarning: [m[KISO C++ forbids zero-size array ‘[01m[Kdata[m[K’ [[01;35m[K-Wpedantic[m[K]
[1.164s]    66 |     sl_u8 data[[01;35m[K0[m[K];
[1.164s]       |                [01;35m[K^[m[K
[1.164s] In file included from [01m[K/components/sllidar_ros2/./sdk/include/sl_lidar_driver.h:54[m[K,
[1.164s]                  from [01m[K/components/sllidar_ros2/sdk/src/sl_tcp_channel.cpp:33[m[K:
[1.164s] [01m[K/components/sllidar_ros2/./sdk/include/sl_lidar_cmd.h:324:20:[m[K [01;35m[Kwarning: [m[KISO C++ forbids zero-size array ‘[01m[Kpayload[m[K’ [[01;35m[K-Wpedantic[m[K]
[1.165s]   324 |     sl_u8  payload[[01;35m[K0[m[K];
[1.165s]       |                    [01;35m[K^[m[K
[1.165s] In file included from [01m[K/components/sllidar_ros2/./sdk/include/sl_lidar_cmd.h:41[m[K,
[1.165s]                  from [01m[K/components/sllidar_ros2/./sdk/include/sl_lidar_driver.h:54[m[K,
[1.165s]                  from [01m[K/components/sllidar_ros2/sdk/src/sl_udp_channel.cpp:33[m[K:
[1.165s] [01m[K/components/sllidar_ros2/./sdk/include/sl_lidar_protocol.h:66:16:[m[K [01;35m[Kwarning: [m[KISO C++ forbids zero-size array ‘[01m[Kdata[m[K’ [[01;35m[K-Wpedantic[m[K]
[1.165s]    66 |     sl_u8 data[[01;35m[K0[m[K];
[1.165s]       |                [01;35m[K^[m[K
[1.165s] In file included from [01m[K/components/sllidar_ros2/./sdk/include/sl_lidar_driver.h:54[m[K,
[1.165s]                  from [01m[K/components/sllidar_ros2/sdk/src/sl_udp_channel.cpp:33[m[K:
[1.165s] [01m[K/components/sllidar_ros2/./sdk/include/sl_lidar_cmd.h:324:20:[m[K [01;35m[Kwarning: [m[KISO C++ forbids zero-size array ‘[01m[Kpayload[m[K’ [[01;35m[K-Wpedantic[m[K]
[1.165s]   324 |     sl_u8  payload[[01;35m[K0[m[K];
[1.165s]       |                    [01;35m[K^[m[K
[1.166s] [01m[K/components/sllidar_ros2/sdk/src/sl_tcp_channel.cpp:[m[K In member function ‘[01m[Kvoid sl::TcpChannel::setStatus(_u32)[m[K’:
[1.167s] [01m[K/components/sllidar_ros2/sdk/src/sl_tcp_channel.cpp:109:29:[m[K [01;35m[Kwarning: [m[Kunused parameter ‘[01m[Kflag[m[K’ [[01;35m[K-Wunused-parameter[m[K]
[1.167s]   109 |         void setStatus([01;35m[K_u32 flag[m[K){}
[1.167s]       |                        [01;35m[K~~~~~^~~~[m[K
[1.168s] [01m[K/components/sllidar_ros2/sdk/src/sl_udp_channel.cpp:[m[K In member function ‘[01m[Kvoid sl::UdpChannel::setStatus(_u32)[m[K’:
[1.168s] [01m[K/components/sllidar_ros2/sdk/src/sl_udp_channel.cpp:112:29:[m[K [01;35m[Kwarning: [m[Kunused parameter ‘[01m[Kflag[m[K’ [[01;35m[K-Wunused-parameter[m[K]
[1.168s]   112 |         void setStatus([01;35m[K_u32 flag[m[K){}
[1.168s]       |                        [01;35m[K~~~~~^~~~[m[K
[1.263s] In file included from [01m[K/components/sllidar_ros2/./sdk/include/sl_lidar_cmd.h:41[m[K,
[1.263s]                  from [01m[K/components/sllidar_ros2/./sdk/include/sl_lidar_driver.h:54[m[K,
[1.263s]                  from [01m[K/components/sllidar_ros2/sdk/src/sl_serial_channel.cpp:33[m[K:
[1.263s] [01m[K/components/sllidar_ros2/./sdk/include/sl_lidar_protocol.h:66:16:[m[K [01;35m[Kwarning: [m[KISO C++ forbids zero-size array ‘[01m[Kdata[m[K’ [[01;35m[K-Wpedantic[m[K]
[1.263s]    66 |     sl_u8 data[[01;35m[K0[m[K];
[1.263s]       |                [01;35m[K^[m[K
[1.263s] In file included from [01m[K/components/sllidar_ros2/./sdk/include/sl_lidar_driver.h:54[m[K,
[1.263s]                  from [01m[K/components/sllidar_ros2/sdk/src/sl_serial_channel.cpp:33[m[K:
[1.263s] [01m[K/components/sllidar_ros2/./sdk/include/sl_lidar_cmd.h:324:20:[m[K [01;35m[Kwarning: [m[KISO C++ forbids zero-size array ‘[01m[Kpayload[m[K’ [[01;35m[K-Wpedantic[m[K]
[1.264s]   324 |     sl_u8  payload[[01;35m[K0[m[K];
[1.264s]       |                    [01;35m[K^[m[K
[1.278s] In file included from [01m[K/components/sllidar_ros2/./sdk/include/rplidar_protocol.h:36[m[K,
[1.278s]                  from [01m[K/components/sllidar_ros2/./sdk/include/rplidar.h:39[m[K,
[1.278s]                  from [01m[K/components/sllidar_ros2/./sdk/src/sdkcommon.h:49[m[K,
[1.278s]                  from [01m[K/components/sllidar_ros2/sdk/src/hal/thread.cpp:35[m[K:
[1.278s] [01m[K/components/sllidar_ros2/./sdk/include/sl_lidar_protocol.h:66:16:[m[K [01;35m[Kwarning: [m[KISO C++ forbids zero-size array ‘[01m[Kdata[m[K’ [[01;35m[K-Wpedantic[m[K]
[1.278s]    66 |     sl_u8 data[[01;35m[K0[m[K];
[1.278s]       |                [01;35m[K^[m[K
[1.278s] In file included from [01m[K/components/sllidar_ros2/./sdk/include/rplidar_cmd.h:36[m[K,
[1.278s]                  from [01m[K/components/sllidar_ros2/./sdk/include/rplidar.h:40[m[K,
[1.279s]                  from [01m[K/components/sllidar_ros2/./sdk/src/sdkcommon.h:49[m[K,
[1.279s]                  from [01m[K/components/sllidar_ros2/sdk/src/hal/thread.cpp:35[m[K:
[1.279s] [01m[K/components/sllidar_ros2/./sdk/include/sl_lidar_cmd.h:324:20:[m[K [01;35m[Kwarning: [m[KISO C++ forbids zero-size array ‘[01m[Kpayload[m[K’ [[01;35m[K-Wpedantic[m[K]
[1.279s]   324 |     sl_u8  payload[[01;35m[K0[m[K];
[1.279s]       |                    [01;35m[K^[m[K
[1.283s] In file included from [01m[K/components/sllidar_ros2/./sdk/include/rplidar_protocol.h:36[m[K,
[1.283s]                  from [01m[K/components/sllidar_ros2/./sdk/include/rplidar.h:39[m[K,
[1.283s]                  from [01m[K/components/sllidar_ros2/./sdk/src/sdkcommon.h:49[m[K,
[1.283s]                  from [01m[K/components/sllidar_ros2/sdk/src/arch/linux/net_socket.cpp:10[m[K:
[1.283s] [01m[K/components/sllidar_ros2/./sdk/include/sl_lidar_protocol.h:66:16:[m[K [01;35m[Kwarning: [m[KISO C++ forbids zero-size array ‘[01m[Kdata[m[K’ [[01;35m[K-Wpedantic[m[K]
[1.283s]    66 |     sl_u8 data[[01;35m[K0[m[K];
[1.283s]       |                [01;35m[K^[m[K
[1.283s] In file included from [01m[K/components/sllidar_ros2/./sdk/include/rplidar_cmd.h:36[m[K,
[1.283s]                  from [01m[K/components/sllidar_ros2/./sdk/include/rplidar.h:40[m[K,
[1.283s]                  from [01m[K/components/sllidar_ros2/./sdk/src/sdkcommon.h:49[m[K,
[1.283s]                  from [01m[K/components/sllidar_ros2/sdk/src/arch/linux/net_socket.cpp:10[m[K:
[1.283s] [01m[K/components/sllidar_ros2/./sdk/include/sl_lidar_cmd.h:324:20:[m[K [01;35m[Kwarning: [m[KISO C++ forbids zero-size array ‘[01m[Kpayload[m[K’ [[01;35m[K-Wpedantic[m[K]
[1.284s]   324 |     sl_u8  payload[[01;35m[K0[m[K];
[1.284s]       |                    [01;35m[K^[m[K
[1.284s] In file included from [01m[K/components/sllidar_ros2/./sdk/include/rplidar_protocol.h:36[m[K,
[1.284s]                  from [01m[K/components/sllidar_ros2/./sdk/include/rplidar.h:39[m[K,
[1.284s]                  from [01m[K/components/sllidar_ros2/sdk/src/sdkcommon.h:49[m[K,
[1.284s]                  from [01m[K/components/sllidar_ros2/sdk/src/sl_async_transceiver.cpp:35[m[K:
[1.284s] [01m[K/components/sllidar_ros2/./sdk/include/sl_lidar_protocol.h:66:16:[m[K [01;35m[Kwarning: [m[KISO C++ forbids zero-size array ‘[01m[Kdata[m[K’ [[01;35m[K-Wpedantic[m[K]
[1.284s]    66 |     sl_u8 data[[01;35m[K0[m[K];
[1.284s]       |                [01;35m[K^[m[K
[1.284s] In file included from [01m[K/components/sllidar_ros2/./sdk/include/rplidar_cmd.h:36[m[K,
[1.284s]                  from [01m[K/components/sllidar_ros2/./sdk/include/rplidar.h:40[m[K,
[1.284s]                  from [01m[K/components/sllidar_ros2/sdk/src/sdkcommon.h:49[m[K,
[1.285s]                  from [01m[K/components/sllidar_ros2/sdk/src/sl_async_transceiver.cpp:35[m[K:
[1.285s] [01m[K/components/sllidar_ros2/./sdk/include/sl_lidar_cmd.h:324:20:[m[K [01;35m[Kwarning: [m[KISO C++ forbids zero-size array ‘[01m[Kpayload[m[K’ [[01;35m[K-Wpedantic[m[K]
[1.285s]   324 |     sl_u8  payload[[01;35m[K0[m[K];
[1.285s]       |                    [01;35m[K^[m[K
[1.286s] In file included from [01m[K/components/sllidar_ros2/./sdk/include/rplidar_protocol.h:36[m[K,
[1.286s]                  from [01m[K/components/sllidar_ros2/./sdk/include/rplidar.h:39[m[K,
[1.286s]                  from [01m[K/components/sllidar_ros2/./sdk/src/sdkcommon.h:49[m[K,
[1.286s]                  from [01m[K/components/sllidar_ros2/sdk/src/dataunpacker/unpacker/../dataunnpacker_commondef.h:41[m[K,
[1.286s]                  from [01m[K/components/sllidar_ros2/sdk/src/dataunpacker/unpacker/handler_normalnode.cpp:39[m[K:
[1.286s] [01m[K/components/sllidar_ros2/./sdk/include/sl_lidar_protocol.h:66:16:[m[K [01;35m[Kwarning: [m[KISO C++ forbids zero-size array ‘[01m[Kdata[m[K’ [[01;35m[K-Wpedantic[m[K]
[1.287s]    66 |     sl_u8 data[[01;35m[K0[m[K];
[1.287s]       |                [01;35m[K^[m[K
[1.287s] In file included from [01m[K/components/sllidar_ros2/./sdk/include/rplidar_cmd.h:36[m[K,
[1.287s]                  from [01m[K/components/sllidar_ros2/./sdk/include/rplidar.h:40[m[K,
[1.287s]                  from [01m[K/components/sllidar_ros2/./sdk/src/sdkcommon.h:49[m[K,
[1.287s]                  from [01m[K/components/sllidar_ros2/sdk/src/dataunpacker/unpacker/../dataunnpacker_commondef.h:41[m[K,
[1.287s]                  from [01m[K/components/sllidar_ros2/sdk/src/dataunpacker/unpacker/handler_normalnode.cpp:39[m[K:
[1.287s] [01m[K/components/sllidar_ros2/./sdk/include/sl_lidar_cmd.h:324:20:[m[K [01;35m[Kwarning: [m[KISO C++ forbids zero-size array ‘[01m[Kpayload[m[K’ [[01;35m[K-Wpedantic[m[K]
[1.287s]   324 |     sl_u8  payload[[01;35m[K0[m[K];
[1.287s]       |                    [01;35m[K^[m[K
[1.288s] In file included from [01m[K/components/sllidar_ros2/./sdk/include/rplidar_protocol.h:36[m[K,
[1.288s]                  from [01m[K/components/sllidar_ros2/./sdk/include/rplidar.h:39[m[K,
[1.288s]                  from [01m[K/components/sllidar_ros2/./sdk/src/sdkcommon.h:49[m[K,
[1.288s]                  from [01m[K/components/sllidar_ros2/sdk/src/dataunpacker/dataunnpacker_commondef.h:41[m[K,
[1.288s]                  from [01m[K/components/sllidar_ros2/sdk/src/dataunpacker/dataunpacker.cpp:39[m[K:
[1.288s] [01m[K/components/sllidar_ros2/./sdk/include/sl_lidar_protocol.h:66:16:[m[K [01;35m[Kwarning: [m[KISO C++ forbids zero-size array ‘[01m[Kdata[m[K’ [[01;35m[K-Wpedantic[m[K]
[1.288s]    66 |     sl_u8 data[[01;35m[K0[m[K];
[1.288s]       |                [01;35m[K^[m[K
[1.288s] In file included from [01m[K/components/sllidar_ros2/./sdk/include/rplidar_cmd.h:36[m[K,
[1.288s]                  from [01m[K/components/sllidar_ros2/./sdk/include/rplidar.h:40[m[K,
[1.289s]                  from [01m[K/components/sllidar_ros2/./sdk/src/sdkcommon.h:49[m[K,
[1.289s]                  from [01m[K/components/sllidar_ros2/sdk/src/dataunpacker/dataunnpacker_commondef.h:41[m[K,
[1.289s]                  from [01m[K/components/sllidar_ros2/sdk/src/dataunpacker/dataunpacker.cpp:39[m[K:
[1.289s] [01m[K/components/sllidar_ros2/./sdk/include/sl_lidar_cmd.h:324:20:[m[K [01;35m[Kwarning: [m[KISO C++ forbids zero-size array ‘[01m[Kpayload[m[K’ [[01;35m[K-Wpedantic[m[K]
[1.289s]   324 |     sl_u8  payload[[01;35m[K0[m[K];
[1.289s]       |                    [01;35m[K^[m[K
[1.289s] In file included from [01m[K/components/sllidar_ros2/./sdk/include/rplidar_protocol.h:36[m[K,
[1.289s]                  from [01m[K/components/sllidar_ros2/./sdk/include/rplidar.h:39[m[K,
[1.289s]                  from [01m[K/components/sllidar_ros2/./sdk/src/sdkcommon.h:49[m[K,
[1.289s]                  from [01m[K/components/sllidar_ros2/sdk/src/dataunpacker/unpacker/../dataunnpacker_commondef.h:41[m[K,
[1.289s]                  from [01m[K/components/sllidar_ros2/sdk/src/dataunpacker/unpacker/handler_hqnode.cpp:39[m[K:
[1.290s] [01m[K/components/sllidar_ros2/./sdk/include/sl_lidar_protocol.h:66:16:[m[K [01;35m[Kwarning: [m[KISO C++ forbids zero-size array ‘[01m[Kdata[m[K’ [[01;35m[K-Wpedantic[m[K]
[1.290s]    66 |     sl_u8 data[[01;35m[K0[m[K];
[1.290s]       |                [01;35m[K^[m[K
[1.290s] In file included from [01m[K/components/sllidar_ros2/./sdk/include/rplidar_cmd.h:36[m[K,
[1.290s]                  from [01m[K/components/sllidar_ros2/./sdk/include/rplidar.h:40[m[K,
[1.290s]                  from [01m[K/components/sllidar_ros2/./sdk/src/sdkcommon.h:49[m[K,
[1.290s]                  from [01m[K/components/sllidar_ros2/sdk/src/dataunpacker/unpacker/../dataunnpacker_commondef.h:41[m[K,
[1.290s]                  from [01m[K/components/sllidar_ros2/sdk/src/dataunpacker/unpacker/handler_hqnode.cpp:39[m[K:
[1.290s] [01m[K/components/sllidar_ros2/./sdk/include/sl_lidar_cmd.h:324:20:[m[K [01;35m[Kwarning: [m[KISO C++ forbids zero-size array ‘[01m[Kpayload[m[K’ [[01;35m[K-Wpedantic[m[K]
[1.290s]   324 |     sl_u8  payload[[01;35m[K0[m[K];
[1.290s]       |                    [01;35m[K^[m[K
[1.292s] In file included from [01m[K/components/sllidar_ros2/./sdk/include/rplidar_protocol.h:36[m[K,
[1.292s]                  from [01m[K/components/sllidar_ros2/./sdk/include/rplidar.h:39[m[K,
[1.293s]                  from [01m[K/components/sllidar_ros2/sdk/src/sdkcommon.h:49[m[K,
[1.293s]                  from [01m[K/components/sllidar_ros2/sdk/src/sl_lidarprotocol_codec.cpp:35[m[K:
[1.293s] [01m[K/components/sllidar_ros2/./sdk/include/sl_lidar_protocol.h:66:16:[m[K [01;35m[Kwarning: [m[KISO C++ forbids zero-size array ‘[01m[Kdata[m[K’ [[01;35m[K-Wpedantic[m[K]
[1.293s]    66 |     sl_u8 data[[01;35m[K0[m[K];
[1.293s]       |                [01;35m[K^[m[K
[1.293s] In file included from [01m[K/components/sllidar_ros2/./sdk/include/rplidar_cmd.h:36[m[K,
[1.293s]                  from [01m[K/components/sllidar_ros2/./sdk/include/rplidar.h:40[m[K,
[1.293s]                  from [01m[K/components/sllidar_ros2/sdk/src/sdkcommon.h:49[m[K,
[1.293s]                  from [01m[K/components/sllidar_ros2/sdk/src/sl_lidarprotocol_codec.cpp:35[m[K:
[1.293s] [01m[K/components/sllidar_ros2/./sdk/include/sl_lidar_cmd.h:324:20:[m[K [01;35m[Kwarning: [m[KISO C++ forbids zero-size array ‘[01m[Kpayload[m[K’ [[01;35m[K-Wpedantic[m[K]
[1.293s]   324 |     sl_u8  payload[[01;35m[K0[m[K];
[1.293s]       |                    [01;35m[K^[m[K
[1.295s] In file included from [01m[K/components/sllidar_ros2/./sdk/include/rplidar_protocol.h:36[m[K,
[1.295s]                  from [01m[K/components/sllidar_ros2/./sdk/include/rplidar.h:39[m[K,
[1.295s]                  from [01m[K/components/sllidar_ros2/sdk/src/sdkcommon.h:49[m[K,
[1.296s]                  from [01m[K/components/sllidar_ros2/sdk/src/sl_lidar_driver.cpp:33[m[K:
[1.296s] [01m[K/components/sllidar_ros2/./sdk/include/sl_lidar_protocol.h:66:16:[m[K [01;35m[Kwarning: [m[KISO C++ forbids zero-size array ‘[01m[Kdata[m[K’ [[01;35m[K-Wpedantic[m[K]
[1.296s]    66 |     sl_u8 data[[01;35m[K0[m[K];
[1.296s]       |                [01;35m[K^[m[K
[1.296s] In file included from [01m[K/components/sllidar_ros2/./sdk/include/rplidar_cmd.h:36[m[K,
[1.296s]                  from [01m[K/components/sllidar_ros2/./sdk/include/rplidar.h:40[m[K,
[1.296s]                  from [01m[K/components/sllidar_ros2/sdk/src/sdkcommon.h:49[m[K,
[1.296s]                  from [01m[K/components/sllidar_ros2/sdk/src/sl_lidar_driver.cpp:33[m[K:
[1.296s] [01m[K/components/sllidar_ros2/./sdk/include/sl_lidar_cmd.h:324:20:[m[K [01;35m[Kwarning: [m[KISO C++ forbids zero-size array ‘[01m[Kpayload[m[K’ [[01;35m[K-Wpedantic[m[K]
[1.296s]   324 |     sl_u8  payload[[01;35m[K0[m[K];
[1.296s]       |                    [01;35m[K^[m[K
[1.296s] In file included from [01m[K/components/sllidar_ros2/./sdk/include/rplidar_protocol.h:36[m[K,
[1.297s]                  from [01m[K/components/sllidar_ros2/./sdk/include/rplidar.h:39[m[K,
[1.297s]                  from [01m[K/components/sllidar_ros2/sdk/src/sdkcommon.h:49[m[K,
[1.297s]                  from [01m[K/components/sllidar_ros2/sdk/src/rplidar_driver.cpp:33[m[K:
[1.297s] [01m[K/components/sllidar_ros2/./sdk/include/sl_lidar_protocol.h:66:16:[m[K [01;35m[Kwarning: [m[KISO C++ forbids zero-size array ‘[01m[Kdata[m[K’ [[01;35m[K-Wpedantic[m[K]
[1.297s]    66 |     sl_u8 data[[01;35m[K0[m[K];
[1.297s]       |                [01;35m[K^[m[K
[1.297s] In file included from [01m[K/components/sllidar_ros2/./sdk/include/rplidar_cmd.h:36[m[K,
[1.297s]                  from [01m[K/components/sllidar_ros2/./sdk/include/rplidar.h:40[m[K,
[1.297s]                  from [01m[K/components/sllidar_ros2/sdk/src/sdkcommon.h:49[m[K,
[1.297s]                  from [01m[K/components/sllidar_ros2/sdk/src/rplidar_driver.cpp:33[m[K:
[1.297s] [01m[K/components/sllidar_ros2/./sdk/include/sl_lidar_cmd.h:324:20:[m[K [01;35m[Kwarning: [m[KISO C++ forbids zero-size array ‘[01m[Kpayload[m[K’ [[01;35m[K-Wpedantic[m[K]
[1.297s]   324 |     sl_u8  payload[[01;35m[K0[m[K];
[1.297s]       |                    [01;35m[K^[m[K
[1.307s] In file included from [01m[K/components/sllidar_ros2/sdk/src/hal/thread.cpp:43[m[K:
[1.307s] [01m[K/components/sllidar_ros2/./sdk/src/arch/linux/thread.hpp:[m[K In static member function ‘[01m[Kstatic rp::hal::Thread rp::hal::Thread::create(thread_proc_t, void*)[m[K’:
[1.307s] [01m[K/components/sllidar_ros2/./sdk/src/arch/linux/thread.hpp:52:57:[m[K [01;35m[Kwarning: [m[Kcast between incompatible function types from ‘[01m[Kthread_proc_t[m[K’ {aka ‘[01m[Klong unsigned int (*)(void*)[m[K’} to ‘[01m[Kvoid* (*)(void*)[m[K’ [[01;35m[K-Wcast-function-type[m[K]
[1.307s]    52 |     pthread_create((pthread_t *)&newborn._handle, NULL, [01;35m[K(void * (*)(void *))proc[m[K, data);
[1.307s]       |                                                         [01;35m[K^~~~~~~~~~~~~~~~~~~~~~~~[m[K
[1.308s] [01m[K/components/sllidar_ros2/./sdk/src/arch/linux/thread.hpp:[m[K In member function ‘[01m[Ku_result rp::hal::Thread::join(long unsigned int)[m[K’:
[1.308s] [01m[K/components/sllidar_ros2/./sdk/src/arch/linux/thread.hpp:176:37:[m[K [01;35m[Kwarning: [m[Kunused parameter ‘[01m[Ktimeout[m[K’ [[01;35m[K-Wunused-parameter[m[K]
[1.308s]   176 | u_result Thread::join([01;35m[Kunsigned long timeout[m[K)
[1.308s]       |                       [01;35m[K~~~~~~~~~~~~~~^~~~~~~[m[K
[1.318s] In file included from [01m[K/components/sllidar_ros2/./sdk/src/arch/linux/arch_linux.h:42[m[K,
[1.318s]                  from [01m[K/components/sllidar_ros2/./sdk/src/sdkcommon.h:41[m[K,
[1.318s]                  from [01m[K/components/sllidar_ros2/sdk/src/arch/linux/net_socket.cpp:10[m[K:
[1.319s] [01m[K/components/sllidar_ros2/sdk/src/arch/linux/net_socket.cpp:[m[K In member function ‘[01m[Kvirtual u_result rp::arch::net::DGramSocketImpl::sendTo(const rp::net::SocketAddress*, const void*, size_t)[m[K’:
[1.319s] [01m[K/components/sllidar_ros2/sdk/src/arch/linux/net_socket.cpp:733:24:[m[K [01;35m[Kwarning: [m[Kcomparison of integer expressions of different signedness: ‘[01m[Kint[m[K’ and ‘[01m[Ksize_t[m[K’ {aka ‘[01m[Klong unsigned int[m[K’} [[01;35m[K-Wsign-compare[m[K]
[1.319s]   733 |             assert([01;35m[Kans == len[m[K);
[1.319s]       |                    [01;35m[K~~~~^~~~~~[m[K
[1.344s] In file included from [01m[K/components/sllidar_ros2/sdk/src/sl_async_transceiver.cpp:44[m[K:
[1.344s] [01m[K/components/sllidar_ros2/sdk/src/sl_async_transceiver.h:[m[K In member function ‘[01m[Kvirtual void sl::internal::IAsyncProtocolCodec::onChannelError(u_result)[m[K’:
[1.344s] [01m[K/components/sllidar_ros2/sdk/src/sl_async_transceiver.h:90:48:[m[K [01;35m[Kwarning: [m[Kunused parameter ‘[01m[KerrCode[m[K’ [[01;35m[K-Wunused-parameter[m[K]
[1.344s]    90 |         virtual void   onChannelError([01;35m[Ku_result errCode[m[K) {}
[1.344s]       |                                       [01;35m[K~~~~~~~~~^~~~~~~[m[K
[1.359s] [01m[K/components/sllidar_ros2/sdk/src/arch/linux/net_serial.cpp:[m[K In member function ‘[01m[Kbool rp::arch::net::raw_serial::open(const char*, uint32_t, uint32_t)[m[K’:
[1.359s] [01m[K/components/sllidar_ros2/sdk/src/arch/linux/net_serial.cpp:97:74:[m[K [01;35m[Kwarning: [m[Kunused parameter ‘[01m[Kflags[m[K’ [[01;35m[K-Wunused-parameter[m[K]
[1.359s]    97 | bool raw_serial::open(const char * portname, uint32_t baudrate, [01;35m[Kuint32_t flags[m[K)
[1.359s]       |                                                                 [01;35m[K~~~~~~~~~^~~~~[m[K
[1.360s] [01m[K/components/sllidar_ros2/sdk/src/arch/linux/net_serial.cpp:[m[K In member function ‘[01m[Kvirtual void rp::arch::net::raw_serial::flush(_u32)[m[K’:
[1.360s] [01m[K/components/sllidar_ros2/sdk/src/arch/linux/net_serial.cpp:281:30:[m[K [01;35m[Kwarning: [m[Kunused parameter ‘[01m[Kflags[m[K’ [[01;35m[K-Wunused-parameter[m[K]
[1.360s]   281 | void raw_serial::flush( [01;35m[K_u32 flags[m[K)
[1.360s]       |                         [01;35m[K~~~~~^~~~~[m[K
[1.360s] [01m[K/components/sllidar_ros2/sdk/src/arch/linux/net_serial.cpp:[m[K In member function ‘[01m[Kvirtual int rp::arch::net::raw_serial::waitforsent(_u32, size_t*)[m[K’:
[1.360s] [01m[K/components/sllidar_ros2/sdk/src/arch/linux/net_serial.cpp:286:34:[m[K [01;35m[Kwarning: [m[Kunused parameter ‘[01m[Ktimeout[m[K’ [[01;35m[K-Wunused-parameter[m[K]
[1.360s]   286 | int raw_serial::waitforsent([01;35m[K_u32 timeout[m[K, size_t * returned_size)
[1.360s]       |                             [01;35m[K~~~~~^~~~~~~[m[K
[1.360s] [01m[K/components/sllidar_ros2/sdk/src/arch/linux/net_serial.cpp:[m[K In member function ‘[01m[Kvirtual int rp::arch::net::raw_serial::waitforrecv(_u32, size_t*)[m[K’:
[1.360s] [01m[K/components/sllidar_ros2/sdk/src/arch/linux/net_serial.cpp:292:34:[m[K [01;35m[Kwarning: [m[Kunused parameter ‘[01m[Ktimeout[m[K’ [[01;35m[K-Wunused-parameter[m[K]
[1.360s]   292 | int raw_serial::waitforrecv([01;35m[K_u32 timeout[m[K, size_t * returned_size)
[1.360s]       |                             [01;35m[K~~~~~^~~~~~~[m[K
[1.360s] [01m[K/components/sllidar_ros2/sdk/src/arch/linux/net_serial.cpp:[m[K In member function ‘[01m[Kvirtual void rp::arch::net::raw_serial::cancelOperation()[m[K’:
[1.360s] [01m[K/components/sllidar_ros2/sdk/src/arch/linux/net_serial.cpp:427:5:[m[K [01;35m[Kwarning: [m[Kvalue computed is not used [[01;35m[K-Wunused-value[m[K]
[1.361s]   427 |     [01;35m[K(int)::write(_selfpipe[1], "x", 1)[m[K;
[1.361s]       |     [01;35m[K^~~~~~~~~~~~~~~~~~~~~~~~~~~~~~~~~~[m[K
[1.384s] [01m[K/components/sllidar_ros2/sdk/src/rplidar_driver.cpp:[m[K In member function ‘[01m[Ku_result rp::standalone::rplidar::RPlidarDriver::connect(const char*, _u32, _u32)[m[K’:
[1.384s] [01m[K/components/sllidar_ros2/sdk/src/rplidar_driver.cpp:67:77:[m[K [01;35m[Kwarning: [m[Kunused parameter ‘[01m[Kflag[m[K’ [[01;35m[K-Wunused-parameter[m[K]
[1.385s]    67 |     u_result RPlidarDriver::connect(const char *path, _u32 portOrBaud, [01;35m[K_u32 flag[m[K)
[1.385s]       |                                                                        [01;35m[K~~~~~^~~~[m[K
[1.385s] [01m[K/components/sllidar_ros2/sdk/src/rplidar_driver.cpp:[m[K In member function ‘[01m[Ku_result rp::standalone::rplidar::RPlidarDriver::reset(_u32)[m[K’:
[1.385s] [01m[K/components/sllidar_ros2/sdk/src/rplidar_driver.cpp:101:40:[m[K [01;35m[Kwarning: [m[Kunused parameter ‘[01m[Ktimeout[m[K’ [[01;35m[K-Wunused-parameter[m[K]
[1.385s]   101 |     u_result RPlidarDriver::reset([01;35m[K_u32 timeout[m[K)
[1.385s]       |                                   [01;35m[K~~~~~^~~~~~~[m[K
[1.385s] [01m[K/components/sllidar_ros2/sdk/src/rplidar_driver.cpp:[m[K In member function ‘[01m[Ku_result rp::standalone::rplidar::RPlidarDriver::getScanDataWithInterval(rplidar_response_measurement_node_t*, size_t&)[m[K’:
[1.385s] [01m[K/components/sllidar_ros2/sdk/src/rplidar_driver.cpp:180:91:[m[K [01;35m[Kwarning: [m[Kunused parameter ‘[01m[Knodebuffer[m[K’ [[01;35m[K-Wunused-parameter[m[K]
[1.385s]   180 |     u_result RPlidarDriver::getScanDataWithInterval([01;35m[Krplidar_response_measurement_node_t * nodebuffer[m[K, size_t & count)
[1.385s]       |                                                     [01;35m[K~~~~~~~~~~~~~~~~~~~~~~~~~~~~~~~~~~~~~~^~~~~~~~~~[m[K
[1.386s] [01m[K/components/sllidar_ros2/sdk/src/rplidar_driver.cpp:180:112:[m[K [01;35m[Kwarning: [m[Kunused parameter ‘[01m[Kcount[m[K’ [[01;35m[K-Wunused-parameter[m[K]
[1.386s]   180 |     u_result RPlidarDriver::getScanDataWithInterval(rplidar_response_measurement_node_t * nodebuffer, [01;35m[Ksize_t & count[m[K)
[1.386s]       |                                                                                                       [01;35m[K~~~~~~~~~^~~~~[m[K
[1.392s] In file included from [01m[K/components/sllidar_ros2/sdk/src/dataunpacker/unpacker/handler_hqnode.cpp:40[m[K:
[1.392s] [01m[K/components/sllidar_ros2/sdk/src/dataunpacker/unpacker/../dataunpacker.h:[m[K In member function ‘[01m[Kvirtual void sl::internal::LIDARSampleDataListener::onCustomSampleDataDecoded(_u8, _u32, const void*, size_t)[m[K’:
[1.392s] [01m[K/components/sllidar_ros2/sdk/src/dataunpacker/unpacker/../dataunpacker.h:54:52:[m[K [01;35m[Kwarning: [m[Kunused parameter ‘[01m[KansType[m[K’ [[01;35m[K-Wunused-parameter[m[K]
[1.392s]    54 |         virtual void onCustomSampleDataDecoded([01;35m[K_u8 ansType[m[K, _u32 customCode, const void* data, size_t size) {}
[1.392s]       |                                                [01;35m[K~~~~^~~~~~~[m[K
[1.392s] [01m[K/components/sllidar_ros2/sdk/src/dataunpacker/unpacker/../dataunpacker.h:54:66:[m[K [01;35m[Kwarning: [m[Kunused parameter ‘[01m[KcustomCode[m[K’ [[01;35m[K-Wunused-parameter[m[K]
[1.392s]    54 |         virtual void onCustomSampleDataDecoded(_u8 ansType, [01;35m[K_u32 customCode[m[K, const void* data, size_t size) {}
[1.392s]       |                                                             [01;35m[K~~~~~^~~~~~~~~~[m[K
[1.392s] [01m[K/components/sllidar_ros2/sdk/src/dataunpacker/unpacker/../dataunpacker.h:54:90:[m[K [01;35m[Kwarning: [m[Kunused parameter ‘[01m[Kdata[m[K’ [[01;35m[K-Wunused-parameter[m[K]
[1.392s]    54 |         virtual void onCustomSampleDataDecoded(_u8 ansType, _u32 customCode, [01;35m[Kconst void* data[m[K, size_t size) {}
[1.392s]       |                                                                              [01;35m[K~~~~~~~~~~~~^~~~[m[K
[1.393s] [01m[K/components/sllidar_ros2/sdk/src/dataunpacker/unpacker/../dataunpacker.h:54:103:[m[K [01;35m[Kwarning: [m[Kunused parameter ‘[01m[Ksize[m[K’ [[01;35m[K-Wunused-parameter[m[K]
[1.393s]    54 |         virtual void onCustomSampleDataDecoded(_u8 ansType, _u32 customCode, const void* data, [01;35m[Ksize_t size[m[K) {}
[1.393s]       |                                                                                                [01;35m[K~~~~~~~^~~~[m[K
[1.393s] [01m[K/components/sllidar_ros2/sdk/src/dataunpacker/unpacker/../dataunpacker.h:[m[K In member function ‘[01m[Kvirtual void sl::internal::LIDARSampleDataListener::onDecodingError(int, _u8, const void*, size_t)[m[K’:
[1.393s] [01m[K/components/sllidar_ros2/sdk/src/dataunpacker/unpacker/../dataunpacker.h:56:42:[m[K [01;35m[Kwarning: [m[Kunused parameter ‘[01m[KerrMsg[m[K’ [[01;35m[K-Wunused-parameter[m[K]
[1.393s]    56 |         virtual void onDecodingError([01;35m[Kint errMsg[m[K, _u8 ansType, const void* payload, size_t size) {}
[1.393s]       |                                      [01;35m[K~~~~^~~~~~[m[K
[1.393s] [01m[K/components/sllidar_ros2/sdk/src/dataunpacker/unpacker/../dataunpacker.h:56:54:[m[K [01;35m[Kwarning: [m[Kunused parameter ‘[01m[KansType[m[K’ [[01;35m[K-Wunused-parameter[m[K]
[1.393s]    56 |         virtual void onDecodingError(int errMsg, [01;35m[K_u8 ansType[m[K, const void* payload, size_t size) {}
[1.393s]       |                                                  [01;35m[K~~~~^~~~~~~[m[K
[1.394s] [01m[K/components/sllidar_ros2/sdk/src/dataunpacker/unpacker/../dataunpacker.h:56:75:[m[K [01;35m[Kwarning: [m[Kunused parameter ‘[01m[Kpayload[m[K’ [[01;35m[K-Wunused-parameter[m[K]
[1.394s]    56 |         virtual void onDecodingError(int errMsg, _u8 ansType, [01;35m[Kconst void* payload[m[K, size_t size) {}
[1.394s]       |                                                               [01;35m[K~~~~~~~~~~~~^~~~~~~[m[K
[1.394s] [01m[K/components/sllidar_ros2/sdk/src/dataunpacker/unpacker/../dataunpacker.h:56:91:[m[K [01;35m[Kwarning: [m[Kunused parameter ‘[01m[Ksize[m[K’ [[01;35m[K-Wunused-parameter[m[K]
[1.394s]    56 |         virtual void onDecodingError(int errMsg, _u8 ansType, const void* payload, [01;35m[Ksize_t size[m[K) {}
[1.394s]       |                                                                                    [01;35m[K~~~~~~~^~~~[m[K
[1.394s] In file included from [01m[K/components/sllidar_ros2/sdk/src/dataunpacker/unpacker/handler_normalnode.cpp:40[m[K:
[1.394s] [01m[K/components/sllidar_ros2/sdk/src/dataunpacker/unpacker/../dataunpacker.h:[m[K In member function ‘[01m[Kvirtual void sl::internal::LIDARSampleDataListener::onCustomSampleDataDecoded(_u8, _u32, const void*, size_t)[m[K’:
[1.394s] [01m[K/components/sllidar_ros2/sdk/src/dataunpacker/unpacker/../dataunpacker.h:54:52:[m[K [01;35m[Kwarning: [m[Kunused parameter ‘[01m[KansType[m[K’ [[01;35m[K-Wunused-parameter[m[K]
[1.394s]    54 |         virtual void onCustomSampleDataDecoded([01;35m[K_u8 ansType[m[K, _u32 customCode, const void* data, size_t size) {}
[1.394s]       |                                                [01;35m[K~~~~^~~~~~~[m[K
[1.394s] [01m[K/components/sllidar_ros2/sdk/src/dataunpacker/unpacker/../dataunpacker.h:54:66:[m[K [01;35m[Kwarning: [m[Kunused parameter ‘[01m[KcustomCode[m[K’ [[01;35m[K-Wunused-parameter[m[K]
[1.395s]    54 |         virtual void onCustomSampleDataDecoded(_u8 ansType, [01;35m[K_u32 customCode[m[K, const void* data, size_t size) {}
[1.395s]       |                                                             [01;35m[K~~~~~^~~~~~~~~~[m[K
[1.395s] [01m[K/components/sllidar_ros2/sdk/src/dataunpacker/unpacker/../dataunpacker.h:54:90:[m[K [01;35m[Kwarning: [m[Kunused parameter ‘[01m[Kdata[m[K’ [[01;35m[K-Wunused-parameter[m[K]
[1.395s]    54 |         virtual void onCustomSampleDataDecoded(_u8 ansType, _u32 customCode, [01;35m[Kconst void* data[m[K, size_t size) {}
[1.395s]       |                                                                              [01;35m[K~~~~~~~~~~~~^~~~[m[K
[1.395s] [01m[K/components/sllidar_ros2/sdk/src/dataunpacker/unpacker/../dataunpacker.h:54:103:[m[K [01;35m[Kwarning: [m[Kunused parameter ‘[01m[Ksize[m[K’ [[01;35m[K-Wunused-parameter[m[K]
[1.395s]    54 |         virtual void onCustomSampleDataDecoded(_u8 ansType, _u32 customCode, const void* data, [01;35m[Ksize_t size[m[K) {}
[1.395s]       |                                                                                                [01;35m[K~~~~~~~^~~~[m[K
[1.395s] [01m[K/components/sllidar_ros2/sdk/src/dataunpacker/unpacker/../dataunpacker.h:[m[K In member function ‘[01m[Kvirtual void sl::internal::LIDARSampleDataListener::onDecodingError(int, _u8, const void*, size_t)[m[K’:
[1.395s] [01m[K/components/sllidar_ros2/sdk/src/dataunpacker/unpacker/../dataunpacker.h:56:42:[m[K [01;35m[Kwarning: [m[Kunused parameter ‘[01m[KerrMsg[m[K’ [[01;35m[K-Wunused-parameter[m[K]
[1.395s]    56 |         virtual void onDecodingError([01;35m[Kint errMsg[m[K, _u8 ansType, const void* payload, size_t size) {}
[1.395s]       |                                      [01;35m[K~~~~^~~~~~[m[K
[1.395s] [01m[K/components/sllidar_ros2/sdk/src/dataunpacker/unpacker/../dataunpacker.h:56:54:[m[K [01;35m[Kwarning: [m[Kunused parameter ‘[01m[KansType[m[K’ [[01;35m[K-Wunused-parameter[m[K]
[1.395s]    56 |         virtual void onDecodingError(int errMsg, [01;35m[K_u8 ansType[m[K, const void* payload, size_t size) {}
[1.396s]       |                                                  [01;35m[K~~~~^~~~~~~[m[K
[1.396s] [01m[K/components/sllidar_ros2/sdk/src/dataunpacker/unpacker/../dataunpacker.h:56:75:[m[K [01;35m[Kwarning: [m[Kunused parameter ‘[01m[Kpayload[m[K’ [[01;35m[K-Wunused-parameter[m[K]
[1.396s]    56 |         virtual void onDecodingError(int errMsg, _u8 ansType, [01;35m[Kconst void* payload[m[K, size_t size) {}
[1.396s]       |                                                               [01;35m[K~~~~~~~~~~~~^~~~~~~[m[K
[1.396s] [01m[K/components/sllidar_ros2/sdk/src/dataunpacker/unpacker/../dataunpacker.h:56:91:[m[K [01;35m[Kwarning: [m[Kunused parameter ‘[01m[Ksize[m[K’ [[01;35m[K-Wunused-parameter[m[K]
[1.396s]    56 |         virtual void onDecodingError(int errMsg, _u8 ansType, const void* payload, [01;35m[Ksize_t size[m[K) {}
[1.396s]       |                                                                                    [01;35m[K~~~~~~~^~~~[m[K
[1.396s] In file included from [01m[K/components/sllidar_ros2/sdk/src/dataunpacker/dataunpacker.cpp:40[m[K:
[1.396s] [01m[K/components/sllidar_ros2/sdk/src/dataunpacker/dataunpacker.h:[m[K In member function ‘[01m[Kvirtual void sl::internal::LIDARSampleDataListener::onCustomSampleDataDecoded(_u8, _u32, const void*, size_t)[m[K’:
[1.396s] [01m[K/components/sllidar_ros2/sdk/src/dataunpacker/dataunpacker.h:54:52:[m[K [01;35m[Kwarning: [m[Kunused parameter ‘[01m[KansType[m[K’ [[01;35m[K-Wunused-parameter[m[K]
[1.396s]    54 |         virtual void onCustomSampleDataDecoded([01;35m[K_u8 ansType[m[K, _u32 customCode, const void* data, size_t size) {}
[1.396s]       |                                                [01;35m[K~~~~^~~~~~~[m[K
[1.396s] [01m[K/components/sllidar_ros2/sdk/src/dataunpacker/dataunpacker.h:54:66:[m[K [01;35m[Kwarning: [m[Kunused parameter ‘[01m[KcustomCode[m[K’ [[01;35m[K-Wunused-parameter[m[K]
[1.397s]    54 |         virtual void onCustomSampleDataDecoded(_u8 ansType, [01;35m[K_u32 customCode[m[K, const void* data, size_t size) {}
[1.397s]       |                                                             [01;35m[K~~~~~^~~~~~~~~~[m[K
[1.397s] [01m[K/components/sllidar_ros2/sdk/src/dataunpacker/dataunpacker.h:54:90:[m[K [01;35m[Kwarning: [m[Kunused parameter ‘[01m[Kdata[m[K’ [[01;35m[K-Wunused-parameter[m[K]
[1.397s]    54 |         virtual void onCustomSampleDataDecoded(_u8 ansType, _u32 customCode, [01;35m[Kconst void* data[m[K, size_t size) {}
[1.397s]       |                                                                              [01;35m[K~~~~~~~~~~~~^~~~[m[K
[1.397s] [01m[K/components/sllidar_ros2/sdk/src/dataunpacker/dataunpacker.h:54:103:[m[K [01;35m[Kwarning: [m[Kunused parameter ‘[01m[Ksize[m[K’ [[01;35m[K-Wunused-parameter[m[K]
[1.397s]    54 |         virtual void onCustomSampleDataDecoded(_u8 ansType, _u32 customCode, const void* data, [01;35m[Ksize_t size[m[K) {}
[1.397s]       |                                                                                                [01;35m[K~~~~~~~^~~~[m[K
[1.397s] [01m[K/components/sllidar_ros2/sdk/src/dataunpacker/dataunpacker.h:[m[K In member function ‘[01m[Kvirtual void sl::internal::LIDARSampleDataListener::onDecodingError(int, _u8, const void*, size_t)[m[K’:
[1.397s] [01m[K/components/sllidar_ros2/sdk/src/dataunpacker/dataunpacker.h:56:42:[m[K [01;35m[Kwarning: [m[Kunused parameter ‘[01m[KerrMsg[m[K’ [[01;35m[K-Wunused-parameter[m[K]
[1.397s]    56 |         virtual void onDecodingError([01;35m[Kint errMsg[m[K, _u8 ansType, const void* payload, size_t size) {}
[1.397s]       |                                      [01;35m[K~~~~^~~~~~[m[K
[1.397s] [01m[K/components/sllidar_ros2/sdk/src/dataunpacker/dataunpacker.h:56:54:[m[K [01;35m[Kwarning: [m[Kunused parameter ‘[01m[KansType[m[K’ [[01;35m[K-Wunused-parameter[m[K]
[1.398s]    56 |         virtual void onDecodingError(int errMsg, [01;35m[K_u8 ansType[m[K, const void* payload, size_t size) {}
[1.398s]       |                                                  [01;35m[K~~~~^~~~~~~[m[K
[1.398s] [01m[K/components/sllidar_ros2/sdk/src/dataunpacker/dataunpacker.h:56:75:[m[K [01;35m[Kwarning: [m[Kunused parameter ‘[01m[Kpayload[m[K’ [[01;35m[K-Wunused-parameter[m[K]
[1.398s]    56 |         virtual void onDecodingError(int errMsg, _u8 ansType, [01;35m[Kconst void* payload[m[K, size_t size) {}
[1.398s]       |                                                               [01;35m[K~~~~~~~~~~~~^~~~~~~[m[K
[1.398s] [01m[K/components/sllidar_ros2/sdk/src/dataunpacker/dataunpacker.h:56:91:[m[K [01;35m[Kwarning: [m[Kunused parameter ‘[01m[Ksize[m[K’ [[01;35m[K-Wunused-parameter[m[K]
[1.398s]    56 |         virtual void onDecodingError(int errMsg, _u8 ansType, const void* payload, [01;35m[Ksize_t size[m[K) {}
[1.398s]       |                                                                                    [01;35m[K~~~~~~~^~~~[m[K
[1.402s] In file included from [01m[K/components/sllidar_ros2/sdk/src/sl_lidarprotocol_codec.cpp:49[m[K:
[1.402s] [01m[K/components/sllidar_ros2/sdk/src/sl_async_transceiver.h:[m[K In member function ‘[01m[Kvirtual void sl::internal::IAsyncProtocolCodec::onChannelError(u_result)[m[K’:
[1.402s] [01m[K/components/sllidar_ros2/sdk/src/sl_async_transceiver.h:90:48:[m[K [01;35m[Kwarning: [m[Kunused parameter ‘[01m[KerrCode[m[K’ [[01;35m[K-Wunused-parameter[m[K]
[1.402s]    90 |         virtual void   onChannelError([01;35m[Ku_result errCode[m[K) {}
[1.402s]       |                                       [01;35m[K~~~~~~~~~^~~~~~~[m[K
[1.403s] In file included from [01m[K/components/sllidar_ros2/./sdk/include/rplidar_protocol.h:36[m[K,
[1.403s]                  from [01m[K/components/sllidar_ros2/./sdk/include/rplidar.h:39[m[K,
[1.403s]                  from [01m[K/components/sllidar_ros2/./sdk/src/sdkcommon.h:49[m[K,
[1.403s]                  from [01m[K/components/sllidar_ros2/sdk/src/dataunpacker/unpacker/../dataunnpacker_commondef.h:41[m[K,
[1.403s]                  from [01m[K/components/sllidar_ros2/sdk/src/dataunpacker/unpacker/handler_capsules.cpp:39[m[K:
[1.403s] [01m[K/components/sllidar_ros2/./sdk/include/sl_lidar_protocol.h:66:16:[m[K [01;35m[Kwarning: [m[KISO C++ forbids zero-size array ‘[01m[Kdata[m[K’ [[01;35m[K-Wpedantic[m[K]
[1.403s]    66 |     sl_u8 data[[01;35m[K0[m[K];
[1.404s]       |                [01;35m[K^[m[K
[1.404s] In file included from [01m[K/components/sllidar_ros2/./sdk/include/rplidar_cmd.h:36[m[K,
[1.404s]                  from [01m[K/components/sllidar_ros2/./sdk/include/rplidar.h:40[m[K,
[1.404s]                  from [01m[K/components/sllidar_ros2/./sdk/src/sdkcommon.h:49[m[K,
[1.404s]                  from [01m[K/components/sllidar_ros2/sdk/src/dataunpacker/unpacker/../dataunnpacker_commondef.h:41[m[K,
[1.404s]                  from [01m[K/components/sllidar_ros2/sdk/src/dataunpacker/unpacker/handler_capsules.cpp:39[m[K:
[1.404s] [01m[K/components/sllidar_ros2/./sdk/include/sl_lidar_cmd.h:324:20:[m[K [01;35m[Kwarning: [m[KISO C++ forbids zero-size array ‘[01m[Kpayload[m[K’ [[01;35m[K-Wpedantic[m[K]
[1.404s]   324 |     sl_u8  payload[[01;35m[K0[m[K];
[1.404s]       |                    [01;35m[K^[m[K
[1.423s] In file included from [01m[K/components/sllidar_ros2/sdk/src/sl_lidar_driver.cpp:50[m[K:
[1.423s] [01m[K/components/sllidar_ros2/sdk/src/dataunpacker/dataunpacker.h:[m[K In member function ‘[01m[Kvirtual void sl::internal::LIDARSampleDataListener::onCustomSampleDataDecoded(_u8, _u32, const void*, size_t)[m[K’:
[1.424s] [01m[K/components/sllidar_ros2/sdk/src/dataunpacker/dataunpacker.h:54:52:[m[K [01;35m[Kwarning: [m[Kunused parameter ‘[01m[KansType[m[K’ [[01;35m[K-Wunused-parameter[m[K]
[1.424s]    54 |         virtual void onCustomSampleDataDecoded([01;35m[K_u8 ansType[m[K, _u32 customCode, const void* data, size_t size) {}
[1.424s]       |                                                [01;35m[K~~~~^~~~~~~[m[K
[1.424s] [01m[K/components/sllidar_ros2/sdk/src/dataunpacker/dataunpacker.h:54:66:[m[K [01;35m[Kwarning: [m[Kunused parameter ‘[01m[KcustomCode[m[K’ [[01;35m[K-Wunused-parameter[m[K]
[1.424s]    54 |         virtual void onCustomSampleDataDecoded(_u8 ansType, [01;35m[K_u32 customCode[m[K, const void* data, size_t size) {}
[1.424s]       |                                                             [01;35m[K~~~~~^~~~~~~~~~[m[K
[1.424s] [01m[K/components/sllidar_ros2/sdk/src/dataunpacker/dataunpacker.h:54:90:[m[K [01;35m[Kwarning: [m[Kunused parameter ‘[01m[Kdata[m[K’ [[01;35m[K-Wunused-parameter[m[K]
[1.424s]    54 |         virtual void onCustomSampleDataDecoded(_u8 ansType, _u32 customCode, [01;35m[Kconst void* data[m[K, size_t size) {}
[1.424s]       |                                                                              [01;35m[K~~~~~~~~~~~~^~~~[m[K
[1.424s] [01m[K/components/sllidar_ros2/sdk/src/dataunpacker/dataunpacker.h:54:103:[m[K [01;35m[Kwarning: [m[Kunused parameter ‘[01m[Ksize[m[K’ [[01;35m[K-Wunused-parameter[m[K]
[1.424s]    54 |         virtual void onCustomSampleDataDecoded(_u8 ansType, _u32 customCode, const void* data, [01;35m[Ksize_t size[m[K) {}
[1.424s]       |                                                                                                [01;35m[K~~~~~~~^~~~[m[K
[1.425s] [01m[K/components/sllidar_ros2/sdk/src/dataunpacker/dataunpacker.h:[m[K In member function ‘[01m[Kvirtual void sl::internal::LIDARSampleDataListener::onDecodingError(int, _u8, const void*, size_t)[m[K’:
[1.425s] [01m[K/components/sllidar_ros2/sdk/src/dataunpacker/dataunpacker.h:56:42:[m[K [01;35m[Kwarning: [m[Kunused parameter ‘[01m[KerrMsg[m[K’ [[01;35m[K-Wunused-parameter[m[K]
[1.425s]    56 |         virtual void onDecodingError([01;35m[Kint errMsg[m[K, _u8 ansType, const void* payload, size_t size) {}
[1.425s]       |                                      [01;35m[K~~~~^~~~~~[m[K
[1.425s] [01m[K/components/sllidar_ros2/sdk/src/dataunpacker/dataunpacker.h:56:54:[m[K [01;35m[Kwarning: [m[Kunused parameter ‘[01m[KansType[m[K’ [[01;35m[K-Wunused-parameter[m[K]
[1.425s]    56 |         virtual void onDecodingError(int errMsg, [01;35m[K_u8 ansType[m[K, const void* payload, size_t size) {}
[1.425s]       |                                                  [01;35m[K~~~~^~~~~~~[m[K
[1.425s] [01m[K/components/sllidar_ros2/sdk/src/dataunpacker/dataunpacker.h:56:75:[m[K [01;35m[Kwarning: [m[Kunused parameter ‘[01m[Kpayload[m[K’ [[01;35m[K-Wunused-parameter[m[K]
[1.425s]    56 |         virtual void onDecodingError(int errMsg, _u8 ansType, [01;35m[Kconst void* payload[m[K, size_t size) {}
[1.425s]       |                                                               [01;35m[K~~~~~~~~~~~~^~~~~~~[m[K
[1.425s] [01m[K/components/sllidar_ros2/sdk/src/dataunpacker/dataunpacker.h:56:91:[m[K [01;35m[Kwarning: [m[Kunused parameter ‘[01m[Ksize[m[K’ [[01;35m[K-Wunused-parameter[m[K]
[1.425s]    56 |         virtual void onDecodingError(int errMsg, _u8 ansType, const void* payload, [01;35m[Ksize_t size[m[K) {}
[1.425s]       |                                                                                    [01;35m[K~~~~~~~^~~~[m[K
[1.428s] In file included from [01m[K/components/sllidar_ros2/sdk/src/sl_lidar_driver.cpp:51[m[K:
[1.428s] [01m[K/components/sllidar_ros2/sdk/src/sl_async_transceiver.h:[m[K In member function ‘[01m[Kvirtual void sl::internal::IAsyncProtocolCodec::onChannelError(u_result)[m[K’:
[1.429s] [01m[K/components/sllidar_ros2/sdk/src/sl_async_transceiver.h:90:48:[m[K [01;35m[Kwarning: [m[Kunused parameter ‘[01m[KerrCode[m[K’ [[01;35m[K-Wunused-parameter[m[K]
[1.429s]    90 |         virtual void   onChannelError([01;35m[Ku_result errCode[m[K) {}
[1.429s]       |                                       [01;35m[K~~~~~~~~~^~~~~~~[m[K
[1.443s] [01m[K/components/sllidar_ros2/sdk/src/sl_lidar_driver.cpp:[m[K In member function ‘[01m[Kvirtual sl_result sl::SlamtecLidarDriver::reset(sl_u32)[m[K’:
[1.443s] [01m[K/components/sllidar_ros2/sdk/src/sl_lidar_driver.cpp:511:32:[m[K [01;35m[Kwarning: [m[Kunused parameter ‘[01m[KtimeoutInMs[m[K’ [[01;35m[K-Wunused-parameter[m[K]
[1.443s]   511 |         sl_result reset([01;35m[Ksl_u32 timeoutInMs = DEFAULT_TIMEOUT[m[K)
[1.443s]       |                         [01;35m[K~~~~~~~^~~~~~~~~~~~~~~~~~~~~~~~~~~~~[m[K
[1.446s] [01m[K/components/sllidar_ros2/sdk/src/sl_lidar_driver.cpp:[m[K In member function ‘[01m[Kvirtual sl_result sl::SlamtecLidarDriver::startScan(bool, bool, sl_u32, sl::LidarScanMode*)[m[K’:
[1.446s] [01m[K/components/sllidar_ros2/sdk/src/sl_lidar_driver.cpp:586:69:[m[K [01;35m[Kwarning: [m[Kunused parameter ‘[01m[Koptions[m[K’ [[01;35m[K-Wunused-parameter[m[K]
[1.446s]   586 |         sl_result startScan(bool force, bool useTypicalScan, [01;35m[Ksl_u32 options = 0[m[K, LidarScanMode* outUsedScanMode = nullptr)
[1.446s]       |                                                              [01;35m[K~~~~~~~^~~~~~~~~~~[m[K
[1.447s] [01m[K/components/sllidar_ros2/sdk/src/sl_lidar_driver.cpp:[m[K In member function ‘[01m[Kvirtual sl_result sl::SlamtecLidarDriver::stop(sl_u32)[m[K’:
[1.447s] [01m[K/components/sllidar_ros2/sdk/src/sl_lidar_driver.cpp:763:31:[m[K [01;35m[Kwarning: [m[Kunused parameter ‘[01m[Ktimeout[m[K’ [[01;35m[K-Wunused-parameter[m[K]
[1.447s]   763 |         sl_result stop([01;35m[Ksl_u32 timeout = DEFAULT_TIMEOUT[m[K)
[1.447s]       |                        [01;35m[K~~~~~~~^~~~~~~~~~~~~~~~~~~~~~~~~[m[K
[1.448s] [01m[K/components/sllidar_ros2/sdk/src/sl_lidar_driver.cpp:[m[K In member function ‘[01m[Kvirtual sl_result sl::SlamtecLidarDriver::getFrequency(const sl::LidarScanMode&, const sl_lidar_response_measurement_node_hq_t*, size_t, float&)[m[K’:
[1.448s] [01m[K/components/sllidar_ros2/sdk/src/sl_lidar_driver.cpp:880:110:[m[K [01;35m[Kwarning: [m[Kunused parameter ‘[01m[Knodes[m[K’ [[01;35m[K-Wunused-parameter[m[K]
[1.448s]   880 |         sl_result getFrequency(const LidarScanMode& scanMode, [01;35m[Kconst sl_lidar_response_measurement_node_hq_t* nodes[m[K, size_t count, float& frequency)
[1.448s]       |                                                               [01;35m[K~~~~~~~~~~~~~~~~~~~~~~~~~~~~~~~~~~~~~~~~~~~~~~~^~~~~[m[K
[1.449s] [01m[K/components/sllidar_ros2/sdk/src/sl_lidar_driver.cpp:[m[K In member function ‘[01m[Kvirtual sl_result sl::SlamtecLidarDriver::getMotorInfo(sl::LidarMotorInfo&, sl_u32)[m[K’:
[1.450s] [01m[K/components/sllidar_ros2/sdk/src/sl_lidar_driver.cpp:1023:66:[m[K [01;35m[Kwarning: [m[Kunused parameter ‘[01m[KtimeoutInMs[m[K’ [[01;35m[K-Wunused-parameter[m[K]
[1.450s]  1023 |         sl_result getMotorInfo(LidarMotorInfo &motorInfo, [01;35m[Ksl_u32 timeoutInMs[m[K)
[1.450s]       |                                                           [01;35m[K~~~~~~~^~~~~~~~~~~[m[K
[1.450s] [01m[K/components/sllidar_ros2/sdk/src/sl_lidar_driver.cpp:[m[K In member function ‘[01m[Ku_result sl::SlamtecLidarDriver::getScanModeCount(sl_u16&, sl_u32)[m[K’:
[1.450s] [01m[K/components/sllidar_ros2/sdk/src/sl_lidar_driver.cpp:1199:61:[m[K [01;35m[Kwarning: [m[Kunused parameter ‘[01m[KtimeoutInMs[m[K’ [[01;35m[K-Wunused-parameter[m[K]
[1.450s]  1199 |         u_result getScanModeCount(sl_u16& modeCount, [01;35m[Ksl_u32 timeoutInMs = DEFAULT_TIMEOUT[m[K)
[1.450s]       |                                                      [01;35m[K~~~~~~~^~~~~~~~~~~~~~~~~~~~~~~~~~~~~[m[K
[1.477s] /components/sllidar_ros2/sdk/src/sl_lidar_driver.cpp: In instantiation of ‘[01m[Kvoid sl::RawSampleNodeHolder<T>::pushNode(_u64, const T*) [with T = sl_lidar_response_measurement_node_hq_t; _u64 = long unsigned int][m[K’:
[1.477s] [01m[K/components/sllidar_ros2/sdk/src/sl_lidar_driver.cpp:1648:42:[m[K   required from here
[1.477s] [01m[K/components/sllidar_ros2/sdk/src/sl_lidar_driver.cpp:202:28:[m[K [01;35m[Kwarning: [m[Kunused parameter ‘[01m[Ktimestamp_uS[m[K’ [[01;35m[K-Wunused-parameter[m[K]
[1.477s]   202 |         void pushNode([01;35m[K_u64 timestamp_uS[m[K, const T* node)
[1.477s]       |                       [01;35m[K~~~~~^~~~~~~~~~~~[m[K
[1.506s] In file included from [01m[K/components/sllidar_ros2/sdk/src/dataunpacker/unpacker/handler_capsules.cpp:40[m[K:
[1.506s] [01m[K/components/sllidar_ros2/sdk/src/dataunpacker/unpacker/../dataunpacker.h:[m[K In member function ‘[01m[Kvirtual void sl::internal::LIDARSampleDataListener::onCustomSampleDataDecoded(_u8, _u32, const void*, size_t)[m[K’:
[1.506s] [01m[K/components/sllidar_ros2/sdk/src/dataunpacker/unpacker/../dataunpacker.h:54:52:[m[K [01;35m[Kwarning: [m[Kunused parameter ‘[01m[KansType[m[K’ [[01;35m[K-Wunused-parameter[m[K]
[1.506s]    54 |         virtual void onCustomSampleDataDecoded([01;35m[K_u8 ansType[m[K, _u32 customCode, const void* data, size_t size) {}
[1.506s]       |                                                [01;35m[K~~~~^~~~~~~[m[K
[1.506s] [01m[K/components/sllidar_ros2/sdk/src/dataunpacker/unpacker/../dataunpacker.h:54:66:[m[K [01;35m[Kwarning: [m[Kunused parameter ‘[01m[KcustomCode[m[K’ [[01;35m[K-Wunused-parameter[m[K]
[1.506s]    54 |         virtual void onCustomSampleDataDecoded(_u8 ansType, [01;35m[K_u32 customCode[m[K, const void* data, size_t size) {}
[1.506s]       |                                                             [01;35m[K~~~~~^~~~~~~~~~[m[K
[1.506s] [01m[K/components/sllidar_ros2/sdk/src/dataunpacker/unpacker/../dataunpacker.h:54:90:[m[K [01;35m[Kwarning: [m[Kunused parameter ‘[01m[Kdata[m[K’ [[01;35m[K-Wunused-parameter[m[K]
[1.507s]    54 |         virtual void onCustomSampleDataDecoded(_u8 ansType, _u32 customCode, [01;35m[Kconst void* data[m[K, size_t size) {}
[1.507s]       |                                                                              [01;35m[K~~~~~~~~~~~~^~~~[m[K
[1.507s] [01m[K/components/sllidar_ros2/sdk/src/dataunpacker/unpacker/../dataunpacker.h:54:103:[m[K [01;35m[Kwarning: [m[Kunused parameter ‘[01m[Ksize[m[K’ [[01;35m[K-Wunused-parameter[m[K]
[1.507s]    54 |         virtual void onCustomSampleDataDecoded(_u8 ansType, _u32 customCode, const void* data, [01;35m[Ksize_t size[m[K) {}
[1.507s]       |                                                                                                [01;35m[K~~~~~~~^~~~[m[K
[1.507s] [01m[K/components/sllidar_ros2/sdk/src/dataunpacker/unpacker/../dataunpacker.h:[m[K In member function ‘[01m[Kvirtual void sl::internal::LIDARSampleDataListener::onDecodingError(int, _u8, const void*, size_t)[m[K’:
[1.507s] [01m[K/components/sllidar_ros2/sdk/src/dataunpacker/unpacker/../dataunpacker.h:56:42:[m[K [01;35m[Kwarning: [m[Kunused parameter ‘[01m[KerrMsg[m[K’ [[01;35m[K-Wunused-parameter[m[K]
[1.507s]    56 |         virtual void onDecodingError([01;35m[Kint errMsg[m[K, _u8 ansType, const void* payload, size_t size) {}
[1.507s]       |                                      [01;35m[K~~~~^~~~~~[m[K
[1.507s] [01m[K/components/sllidar_ros2/sdk/src/dataunpacker/unpacker/../dataunpacker.h:56:54:[m[K [01;35m[Kwarning: [m[Kunused parameter ‘[01m[KansType[m[K’ [[01;35m[K-Wunused-parameter[m[K]
[1.507s]    56 |         virtual void onDecodingError(int errMsg, [01;35m[K_u8 ansType[m[K, const void* payload, size_t size) {}
[1.507s]       |                                                  [01;35m[K~~~~^~~~~~~[m[K
[1.507s] [01m[K/components/sllidar_ros2/sdk/src/dataunpacker/unpacker/../dataunpacker.h:56:75:[m[K [01;35m[Kwarning: [m[Kunused parameter ‘[01m[Kpayload[m[K’ [[01;35m[K-Wunused-parameter[m[K]
[1.507s]    56 |         virtual void onDecodingError(int errMsg, _u8 ansType, [01;35m[Kconst void* payload[m[K, size_t size) {}
[1.507s]       |                                                               [01;35m[K~~~~~~~~~~~~^~~~~~~[m[K
[1.507s] [01m[K/components/sllidar_ros2/sdk/src/dataunpacker/unpacker/../dataunpacker.h:56:91:[m[K [01;35m[Kwarning: [m[Kunused parameter ‘[01m[Ksize[m[K’ [[01;35m[K-Wunused-parameter[m[K]
[1.507s]    56 |         virtual void onDecodingError(int errMsg, _u8 ansType, const void* payload, [01;35m[Ksize_t size[m[K) {}
[1.507s]       |                                                                                    [01;35m[K~~~~~~~^~~~[m[K
[1.513s] [01m[K/components/sllidar_ros2/sdk/src/dataunpacker/unpacker/handler_capsules.cpp:[m[K In member function ‘[01m[Kvoid sl::internal::unpacker::UnpackerHandler_DenseCapsuleNode::_onScanNodeDenseCapsuleData(rplidar_response_dense_capsule_measurement_nodes_t&, sl::internal::LIDARSampleDataUnpackerInner*)[m[K’:
[1.513s] [01m[K/components/sllidar_ros2/sdk/src/dataunpacker/unpacker/handler_capsules.cpp:763:30:[m[K [01;35m[Kwarning: [m[Ktype qualifiers ignored on cast result type [[01;35m[K-Wignored-qualifiers[m[K]
[1.513s]   763 |             const int dist = [01;35m[Kstatic_cast<const int>(_cached_previous_dense_capsuledata.cabins[pos].distance)[m[K;
[1.513s]       |                              [01;35m[K^~~~~~~~~~~~~~~~~~~~~~~~~~~~~~~~~~~~~~~~~~~~~~~~~~~~~~~~~~~~~~~~~~~~~~~~~~~~~~~[m[K
[1.548s] [01m[K/components/sllidar_ros2/sdk/src/sl_lidar_driver.cpp:[m[K At global scope:
[1.548s] [01m[K/components/sllidar_ros2/sdk/src/sl_lidar_driver.cpp:83:17:[m[K [01;35m[Kwarning: [m[K‘[01m[Kvoid sl::convert(const sl_lidar_response_measurement_node_hq_t&, sl_lidar_response_measurement_node_t&)[m[K’ defined but not used [[01;35m[K-Wunused-function[m[K]
[1.548s]    83 |     static void [01;35m[Kconvert[m[K(const sl_lidar_response_measurement_node_hq_t& from, sl_lidar_response_measurement_node_t& to)
[1.548s]       |                 [01;35m[K^~~~~~~[m[K
[1.548s] [01m[K/components/sllidar_ros2/sdk/src/sl_lidar_driver.cpp:75:17:[m[K [01;35m[Kwarning: [m[K‘[01m[Kvoid sl::convert(const sl_lidar_response_measurement_node_t&, sl_lidar_response_measurement_node_hq_t&)[m[K’ defined but not used [[01;35m[K-Wunused-function[m[K]
[1.548s]    75 |     static void [01;35m[Kconvert[m[K(const sl_lidar_response_measurement_node_t& from, sl_lidar_response_measurement_node_hq_t& to)
[1.548s]       |                 [01;35m[K^~~~~~~[m[K
[1.548s] [01m[K/components/sllidar_ros2/sdk/src/sl_lidar_driver.cpp:70:17:[m[K [01;35m[Kwarning: [m[K‘[01m[Kvoid sl::printDeprecationWarn(const char*, const char*)[m[K’ defined but not used [[01;35m[K-Wunused-function[m[K]
[1.548s]    70 |     static void [01;35m[KprintDeprecationWarn[m[K(const char* fn, const char* replacement)
[1.548s]       |                 [01;35m[K^~~~~~~~~~~~~~~~~~~~[m[K
[2.524s] In file included from [01m[K/components/sllidar_ros2/./sdk/include/sl_lidar_cmd.h:41[m[K,
[2.524s]                  from [01m[K/components/sllidar_ros2/./sdk/include/sl_lidar_driver.h:54[m[K,
[2.524s]                  from [01m[K/components/sllidar_ros2/./sdk/include/sl_lidar.h:36[m[K,
[2.525s]                  from [01m[K/components/sllidar_ros2/src/sllidar_node.cpp:38[m[K:
[2.525s] [01m[K/components/sllidar_ros2/./sdk/include/sl_lidar_protocol.h:66:16:[m[K [01;35m[Kwarning: [m[KISO C++ forbids zero-size array ‘[01m[Kdata[m[K’ [[01;35m[K-Wpedantic[m[K]
[2.525s]    66 |     sl_u8 data[[01;35m[K0[m[K];
[2.525s]       |                [01;35m[K^[m[K
[2.525s] In file included from [01m[K/components/sllidar_ros2/./sdk/include/sl_lidar_driver.h:54[m[K,
[2.525s]                  from [01m[K/components/sllidar_ros2/./sdk/include/sl_lidar.h:36[m[K,
[2.525s]                  from [01m[K/components/sllidar_ros2/src/sllidar_node.cpp:38[m[K:
[2.525s] [01m[K/components/sllidar_ros2/./sdk/include/sl_lidar_cmd.h:324:20:[m[K [01;35m[Kwarning: [m[KISO C++ forbids zero-size array ‘[01m[Kpayload[m[K’ [[01;35m[K-Wpedantic[m[K]
[2.525s]   324 |     sl_u8  payload[[01;35m[K0[m[K];
[2.525s]       |                    [01;35m[K^[m[K
[4.116s] [ 95%] [32m[1mLinking CXX executable sllidar_node[0m
[4.279s] [ 95%] Built target sllidar_node
[5.913s] [100%] [32m[1mLinking CXX executable sllidar_client[0m
[6.120s] [100%] Built target sllidar_client
[6.128s] Invoked command in '/components/sllidar_ros2/build/sllidar_ros2' returned '0': CMAKE_PREFIX_PATH=/opt/ros/humble /usr/bin/cmake --build /components/sllidar_ros2/build/sllidar_ros2 -- -j32 -l32
[6.181s] Invoking command in '/components/sllidar_ros2/build/sllidar_ros2': CMAKE_PREFIX_PATH=/opt/ros/humble /usr/bin/cmake --install /components/sllidar_ros2/build/sllidar_ros2
[6.187s] -- Install configuration: ""
[6.187s] -- Execute custom install script
[6.187s] -- Symlinking: /components/sllidar_ros2/install/sllidar_ros2/share/sllidar_ros2/launch/sllidar_a1_launch.py
[6.193s] -- Symlinking: /components/sllidar_ros2/install/sllidar_ros2/share/sllidar_ros2/launch/sllidar_a2m12_launch .py
[6.199s] -- Symlinking: /components/sllidar_ros2/install/sllidar_ros2/share/sllidar_ros2/launch/sllidar_a2m7_launch.py
[6.204s] -- Symlinking: /components/sllidar_ros2/install/sllidar_ros2/share/sllidar_ros2/launch/sllidar_a2m8_launch.py
[6.209s] -- Symlinking: /components/sllidar_ros2/install/sllidar_ros2/share/sllidar_ros2/launch/sllidar_a3_launch.py
[6.215s] -- Symlinking: /components/sllidar_ros2/install/sllidar_ros2/share/sllidar_ros2/launch/sllidar_c1_launch.py
[6.222s] -- Symlinking: /components/sllidar_ros2/install/sllidar_ros2/share/sllidar_ros2/launch/sllidar_s1_launch.py
[6.228s] -- Symlinking: /components/sllidar_ros2/install/sllidar_ros2/share/sllidar_ros2/launch/sllidar_s1_tcp_launch.py
[6.233s] -- Symlinking: /components/sllidar_ros2/install/sllidar_ros2/share/sllidar_ros2/launch/sllidar_s2_launch.py
[6.239s] -- Symlinking: /components/sllidar_ros2/install/sllidar_ros2/share/sllidar_ros2/launch/sllidar_s2e_launch.py
[6.245s] -- Symlinking: /components/sllidar_ros2/install/sllidar_ros2/share/sllidar_ros2/launch/sllidar_s3_launch.py
[6.251s] -- Symlinking: /components/sllidar_ros2/install/sllidar_ros2/share/sllidar_ros2/launch/sllidar_t1_launch.py
[6.256s] -- Symlinking: /components/sllidar_ros2/install/sllidar_ros2/share/sllidar_ros2/launch/view_sllidar_a1_launch.py
[6.262s] -- Symlinking: /components/sllidar_ros2/install/sllidar_ros2/share/sllidar_ros2/launch/view_sllidar_a2m12_launch.py
[6.268s] -- Symlinking: /components/sllidar_ros2/install/sllidar_ros2/share/sllidar_ros2/launch/view_sllidar_a2m7_launch.py
[6.274s] -- Symlinking: /components/sllidar_ros2/install/sllidar_ros2/share/sllidar_ros2/launch/view_sllidar_a2m8_launch.py
[6.279s] -- Symlinking: /components/sllidar_ros2/install/sllidar_ros2/share/sllidar_ros2/launch/view_sllidar_a3_launch.py
[6.285s] -- Symlinking: /components/sllidar_ros2/install/sllidar_ros2/share/sllidar_ros2/launch/view_sllidar_c1_launch.py
[6.290s] -- Symlinking: /components/sllidar_ros2/install/sllidar_ros2/share/sllidar_ros2/launch/view_sllidar_s1_launch.py
[6.296s] -- Symlinking: /components/sllidar_ros2/install/sllidar_ros2/share/sllidar_ros2/launch/view_sllidar_s1_tcp_launch.py
[6.302s] -- Symlinking: /components/sllidar_ros2/install/sllidar_ros2/share/sllidar_ros2/launch/view_sllidar_s2_launch.py
[6.308s] -- Symlinking: /components/sllidar_ros2/install/sllidar_ros2/share/sllidar_ros2/launch/view_sllidar_s2e_launch.py
[6.313s] -- Symlinking: /components/sllidar_ros2/install/sllidar_ros2/share/sllidar_ros2/launch/view_sllidar_s3_launch.py
[6.320s] -- Symlinking: /components/sllidar_ros2/install/sllidar_ros2/share/sllidar_ros2/launch/view_sllidar_t1_launch.py
[6.326s] -- Symlinking: /components/sllidar_ros2/install/sllidar_ros2/share/sllidar_ros2/rviz/sllidar_ros2.rviz
[6.332s] -- Symlinking: /components/sllidar_ros2/install/sllidar_ros2/lib/sllidar_ros2/sllidar_node
[6.338s] -- Symlinking: /components/sllidar_ros2/install/sllidar_ros2/lib/sllidar_ros2/sllidar_client
[6.344s] -- Symlinking: /components/sllidar_ros2/install/sllidar_ros2/share/ament_index/resource_index/package_run_dependencies/sllidar_ros2
[6.349s] -- Symlinking: /components/sllidar_ros2/install/sllidar_ros2/share/ament_index/resource_index/parent_prefix_path/sllidar_ros2
[6.355s] -- Symlinking: /components/sllidar_ros2/install/sllidar_ros2/share/sllidar_ros2/environment/ament_prefix_path.sh
[6.360s] -- Symlinking: /components/sllidar_ros2/install/sllidar_ros2/share/sllidar_ros2/environment/ament_prefix_path.dsv
[6.366s] -- Symlinking: /components/sllidar_ros2/install/sllidar_ros2/share/sllidar_ros2/environment/path.sh
[6.372s] -- Symlinking: /components/sllidar_ros2/install/sllidar_ros2/share/sllidar_ros2/environment/path.dsv
[6.378s] -- Symlinking: /components/sllidar_ros2/install/sllidar_ros2/share/sllidar_ros2/local_setup.bash
[6.384s] -- Symlinking: /components/sllidar_ros2/install/sllidar_ros2/share/sllidar_ros2/local_setup.sh
[6.390s] -- Symlinking: /components/sllidar_ros2/install/sllidar_ros2/share/sllidar_ros2/local_setup.zsh
[6.396s] -- Symlinking: /components/sllidar_ros2/install/sllidar_ros2/share/sllidar_ros2/local_setup.dsv
[6.401s] -- Symlinking: /components/sllidar_ros2/install/sllidar_ros2/share/sllidar_ros2/package.dsv
[6.407s] -- Symlinking: /components/sllidar_ros2/install/sllidar_ros2/share/ament_index/resource_index/packages/sllidar_ros2
[6.413s] -- Symlinking: /components/sllidar_ros2/install/sllidar_ros2/share/sllidar_ros2/cmake/ament_cmake_export_dependencies-extras.cmake
[6.419s] -- Symlinking: /components/sllidar_ros2/install/sllidar_ros2/share/sllidar_ros2/cmake/ament_cmake_export_include_directories-extras.cmake
[6.425s] -- Symlinking: /components/sllidar_ros2/install/sllidar_ros2/share/sllidar_ros2/cmake/sllidar_ros2Config.cmake
[6.431s] -- Symlinking: /components/sllidar_ros2/install/sllidar_ros2/share/sllidar_ros2/cmake/sllidar_ros2Config-version.cmake
[6.436s] -- Symlinking: /components/sllidar_ros2/install/sllidar_ros2/share/sllidar_ros2/package.xml
[6.444s] Invoked command in '/components/sllidar_ros2/build/sllidar_ros2' returned '0': CMAKE_PREFIX_PATH=/opt/ros/humble /usr/bin/cmake --install /components/sllidar_ros2/build/sllidar_ros2
